2025-02-05 08:30:52.268 [warning] Via 'product.json#extensionEnabledApiProposals' extension 'ms-vscode.vscode-selfhost-test-provider' wants API proposal 'attributableCoverage' but that proposal DOES NOT EXIST. Likely, the proposal has been finalized (check 'vscode.d.ts') or was abandoned.
2025-02-05 08:30:52.333 [warning] Via 'product.json#extensionEnabledApiProposals' extension 'ms-python.python' wants API proposal 'contribIssueReporter' but that proposal DOES NOT EXIST. Likely, the proposal has been finalized (check 'vscode.d.ts') or was abandoned.
2025-02-05 08:30:52.335 [warning] Via 'product.json#extensionEnabledApiProposals' extension 'ms-python.debugpy' wants API proposal 'contribIssueReporter' but that proposal DOES NOT EXIST. Likely, the proposal has been finalized (check 'vscode.d.ts') or was abandoned.
2025-02-05 08:30:52.606 [warning] Creation of workbench contribution 'workbench.contrib.preferencesActions' took 36ms.
2025-02-05 08:30:52.661 [warning] Creation of workbench contribution 'workbench.contrib.explorerViewletViews' took 26ms.
2025-02-05 08:30:52.763 [warning] Creation of workbench contribution 'workbench.chat.autoSaveDisabler' took 39ms.
2025-02-05 08:30:54.697 [info] Started local extension host with pid 3172.
2025-02-05 08:30:59.060 [info] Settings Sync: Account status changed from uninitialized to unavailable
2025-02-05 08:31:02.746 [info] [perf] Render performance baseline is 160ms
2025-02-05 08:31:07.705 [error] Timed out waiting for authentication provider to register
2025-02-05 08:31:12.720 [error] ENOENT: no such file or directory, open '/root/devops/pfeTest/~/.vscode-root/User/workspaceStorage/2cbe744fbb46f6ad9b5c603b8fc6f153/redhat.java/jdt_ws/.metadata/.log': Error: ENOENT: no such file or directory, open '/root/devops/pfeTest/~/.vscode-root/User/workspaceStorage/2cbe744fbb46f6ad9b5c603b8fc6f153/redhat.java/jdt_ws/.metadata/.log'
	at async open (node:internal/fs/promises:641:25)
	at async Object.readFile (node:internal/fs/promises:1258:14)
2025-02-05 08:31:22.492 [error] ENOENT: no such file or directory, open '/root/devops/pfeTest/~/.vscode-root/User/workspaceStorage/2cbe744fbb46f6ad9b5c603b8fc6f153/redhat.java/jdt_ws/.metadata/.log': Error: ENOENT: no such file or directory, open '/root/devops/pfeTest/~/.vscode-root/User/workspaceStorage/2cbe744fbb46f6ad9b5c603b8fc6f153/redhat.java/jdt_ws/.metadata/.log'
	at async open (node:internal/fs/promises:641:25)
	at async Object.readFile (node:internal/fs/promises:1258:14)
2025-02-05 08:49:57.097 [error] Cannot read properties of undefined (reading '$documentation'): TypeError: Cannot read properties of undefined (reading '$documentation')
	at get documentation (/root/.vscode/extensions/vscjava.vscode-maven-0.44.0/dist/extension.js:2:944029)
	at get markdownString (/root/.vscode/extensions/vscjava.vscode-maven-0.44.0/dist/extension.js:2:944415)
	at t.HoverProvider.<anonymous> (/root/.vscode/extensions/vscjava.vscode-maven-0.44.0/dist/extension.js:2:933747)
	at Generator.next (<anonymous>)
	at /root/.vscode/extensions/vscjava.vscode-maven-0.44.0/dist/extension.js:2:932321
	at new Promise (<anonymous>)
	at r (/root/.vscode/extensions/vscjava.vscode-maven-0.44.0/dist/extension.js:2:932066)
	at t.HoverProvider.provideHover (/root/.vscode/extensions/vscjava.vscode-maven-0.44.0/dist/extension.js:2:932605)
	at hI.provideHover (file:///snap/code/181/usr/share/code/resources/app/out/vs/workbench/api/node/extensionHostProcess.js:138:129460)
	at file:///snap/code/181/usr/share/code/resources/app/out/vs/workbench/api/node/extensionHostProcess.js:138:157680
	at qt.s (file:///snap/code/181/usr/share/code/resources/app/out/vs/workbench/api/node/extensionHostProcess.js:138:155148)
	at qt.$provideHover (file:///snap/code/181/usr/share/code/resources/app/out/vs/workbench/api/node/extensionHostProcess.js:138:157668)
	at Dy.S (file:///snap/code/181/usr/share/code/resources/app/out/vs/workbench/api/node/extensionHostProcess.js:32:115275)
	at Dy.Q (file:///snap/code/181/usr/share/code/resources/app/out/vs/workbench/api/node/extensionHostProcess.js:32:115055)
	at Dy.M (file:///snap/code/181/usr/share/code/resources/app/out/vs/workbench/api/node/extensionHostProcess.js:32:114106)
	at Dy.L (file:///snap/code/181/usr/share/code/resources/app/out/vs/workbench/api/node/extensionHostProcess.js:32:113249)
	at kh.value (file:///snap/code/181/usr/share/code/resources/app/out/vs/workbench/api/node/extensionHostProcess.js:32:112046)
	at P.B (file:///snap/code/181/usr/share/code/resources/app/out/vs/workbench/api/node/extensionHostProcess.js:30:746)
	at P.fire (file:///snap/code/181/usr/share/code/resources/app/out/vs/workbench/api/node/extensionHostProcess.js:30:964)
	at Vn.fire (file:///snap/code/181/usr/share/code/resources/app/out/vs/workbench/api/node/extensionHostProcess.js:32:9457)
	at kh.value (file:///snap/code/181/usr/share/code/resources/app/out/vs/workbench/api/node/extensionHostProcess.js:175:13296)
	at P.B (file:///snap/code/181/usr/share/code/resources/app/out/vs/workbench/api/node/extensionHostProcess.js:30:746)
	at P.fire (file:///snap/code/181/usr/share/code/resources/app/out/vs/workbench/api/node/extensionHostProcess.js:30:964)
	at Vn.fire (file:///snap/code/181/usr/share/code/resources/app/out/vs/workbench/api/node/extensionHostProcess.js:32:9457)
	at MessagePortMain.<anonymous> (file:///snap/code/181/usr/share/code/resources/app/out/vs/workbench/api/node/extensionHostProcess.js:175:11588)
	at MessagePortMain.emit (node:events:518:28)
	at MessagePortMain._internalPort.emit (node:electron/js2c/utility_init:2:2949)
2025-02-05 08:50:03.828 [error] Cannot read properties of undefined (reading '$documentation'): TypeError: Cannot read properties of undefined (reading '$documentation')
	at get documentation (/root/.vscode/extensions/vscjava.vscode-maven-0.44.0/dist/extension.js:2:944029)
	at get markdownString (/root/.vscode/extensions/vscjava.vscode-maven-0.44.0/dist/extension.js:2:944415)
	at t.HoverProvider.<anonymous> (/root/.vscode/extensions/vscjava.vscode-maven-0.44.0/dist/extension.js:2:933747)
	at Generator.next (<anonymous>)
	at /root/.vscode/extensions/vscjava.vscode-maven-0.44.0/dist/extension.js:2:932321
	at new Promise (<anonymous>)
	at r (/root/.vscode/extensions/vscjava.vscode-maven-0.44.0/dist/extension.js:2:932066)
	at t.HoverProvider.provideHover (/root/.vscode/extensions/vscjava.vscode-maven-0.44.0/dist/extension.js:2:932605)
	at hI.provideHover (file:///snap/code/181/usr/share/code/resources/app/out/vs/workbench/api/node/extensionHostProcess.js:138:129460)
	at file:///snap/code/181/usr/share/code/resources/app/out/vs/workbench/api/node/extensionHostProcess.js:138:157680
	at qt.s (file:///snap/code/181/usr/share/code/resources/app/out/vs/workbench/api/node/extensionHostProcess.js:138:155148)
	at qt.$provideHover (file:///snap/code/181/usr/share/code/resources/app/out/vs/workbench/api/node/extensionHostProcess.js:138:157668)
	at Dy.S (file:///snap/code/181/usr/share/code/resources/app/out/vs/workbench/api/node/extensionHostProcess.js:32:115275)
	at Dy.Q (file:///snap/code/181/usr/share/code/resources/app/out/vs/workbench/api/node/extensionHostProcess.js:32:115055)
	at Dy.M (file:///snap/code/181/usr/share/code/resources/app/out/vs/workbench/api/node/extensionHostProcess.js:32:114106)
	at Dy.L (file:///snap/code/181/usr/share/code/resources/app/out/vs/workbench/api/node/extensionHostProcess.js:32:113249)
	at kh.value (file:///snap/code/181/usr/share/code/resources/app/out/vs/workbench/api/node/extensionHostProcess.js:32:112046)
	at P.B (file:///snap/code/181/usr/share/code/resources/app/out/vs/workbench/api/node/extensionHostProcess.js:30:746)
	at P.fire (file:///snap/code/181/usr/share/code/resources/app/out/vs/workbench/api/node/extensionHostProcess.js:30:964)
	at Vn.fire (file:///snap/code/181/usr/share/code/resources/app/out/vs/workbench/api/node/extensionHostProcess.js:32:9457)
	at kh.value (file:///snap/code/181/usr/share/code/resources/app/out/vs/workbench/api/node/extensionHostProcess.js:175:13296)
	at P.B (file:///snap/code/181/usr/share/code/resources/app/out/vs/workbench/api/node/extensionHostProcess.js:30:746)
	at P.fire (file:///snap/code/181/usr/share/code/resources/app/out/vs/workbench/api/node/extensionHostProcess.js:30:964)
	at Vn.fire (file:///snap/code/181/usr/share/code/resources/app/out/vs/workbench/api/node/extensionHostProcess.js:32:9457)
	at MessagePortMain.<anonymous> (file:///snap/code/181/usr/share/code/resources/app/out/vs/workbench/api/node/extensionHostProcess.js:175:11588)
	at MessagePortMain.emit (node:events:518:28)
	at MessagePortMain._internalPort.emit (node:electron/js2c/utility_init:2:2949)
2025-02-05 08:50:09.410 [error] Cannot read properties of undefined (reading '$documentation'): TypeError: Cannot read properties of undefined (reading '$documentation')
	at get documentation (/root/.vscode/extensions/vscjava.vscode-maven-0.44.0/dist/extension.js:2:944029)
	at get markdownString (/root/.vscode/extensions/vscjava.vscode-maven-0.44.0/dist/extension.js:2:944415)
	at t.HoverProvider.<anonymous> (/root/.vscode/extensions/vscjava.vscode-maven-0.44.0/dist/extension.js:2:933747)
	at Generator.next (<anonymous>)
	at /root/.vscode/extensions/vscjava.vscode-maven-0.44.0/dist/extension.js:2:932321
	at new Promise (<anonymous>)
	at r (/root/.vscode/extensions/vscjava.vscode-maven-0.44.0/dist/extension.js:2:932066)
	at t.HoverProvider.provideHover (/root/.vscode/extensions/vscjava.vscode-maven-0.44.0/dist/extension.js:2:932605)
	at hI.provideHover (file:///snap/code/181/usr/share/code/resources/app/out/vs/workbench/api/node/extensionHostProcess.js:138:129460)
	at file:///snap/code/181/usr/share/code/resources/app/out/vs/workbench/api/node/extensionHostProcess.js:138:157680
	at qt.s (file:///snap/code/181/usr/share/code/resources/app/out/vs/workbench/api/node/extensionHostProcess.js:138:155148)
	at qt.$provideHover (file:///snap/code/181/usr/share/code/resources/app/out/vs/workbench/api/node/extensionHostProcess.js:138:157668)
	at Dy.S (file:///snap/code/181/usr/share/code/resources/app/out/vs/workbench/api/node/extensionHostProcess.js:32:115275)
	at Dy.Q (file:///snap/code/181/usr/share/code/resources/app/out/vs/workbench/api/node/extensionHostProcess.js:32:115055)
	at Dy.M (file:///snap/code/181/usr/share/code/resources/app/out/vs/workbench/api/node/extensionHostProcess.js:32:114106)
	at Dy.L (file:///snap/code/181/usr/share/code/resources/app/out/vs/workbench/api/node/extensionHostProcess.js:32:113249)
	at kh.value (file:///snap/code/181/usr/share/code/resources/app/out/vs/workbench/api/node/extensionHostProcess.js:32:112046)
	at P.B (file:///snap/code/181/usr/share/code/resources/app/out/vs/workbench/api/node/extensionHostProcess.js:30:746)
	at P.fire (file:///snap/code/181/usr/share/code/resources/app/out/vs/workbench/api/node/extensionHostProcess.js:30:964)
	at Vn.fire (file:///snap/code/181/usr/share/code/resources/app/out/vs/workbench/api/node/extensionHostProcess.js:32:9457)
	at kh.value (file:///snap/code/181/usr/share/code/resources/app/out/vs/workbench/api/node/extensionHostProcess.js:175:13296)
	at P.B (file:///snap/code/181/usr/share/code/resources/app/out/vs/workbench/api/node/extensionHostProcess.js:30:746)
	at P.fire (file:///snap/code/181/usr/share/code/resources/app/out/vs/workbench/api/node/extensionHostProcess.js:30:964)
	at Vn.fire (file:///snap/code/181/usr/share/code/resources/app/out/vs/workbench/api/node/extensionHostProcess.js:32:9457)
	at MessagePortMain.<anonymous> (file:///snap/code/181/usr/share/code/resources/app/out/vs/workbench/api/node/extensionHostProcess.js:175:11588)
	at MessagePortMain.emit (node:events:518:28)
	at MessagePortMain._internalPort.emit (node:electron/js2c/utility_init:2:2949)
2025-02-05 08:50:14.213 [error] Cannot read properties of undefined (reading '$documentation'): TypeError: Cannot read properties of undefined (reading '$documentation')
	at get documentation (/root/.vscode/extensions/vscjava.vscode-maven-0.44.0/dist/extension.js:2:944029)
	at get markdownString (/root/.vscode/extensions/vscjava.vscode-maven-0.44.0/dist/extension.js:2:944415)
	at t.HoverProvider.<anonymous> (/root/.vscode/extensions/vscjava.vscode-maven-0.44.0/dist/extension.js:2:933747)
	at Generator.next (<anonymous>)
	at /root/.vscode/extensions/vscjava.vscode-maven-0.44.0/dist/extension.js:2:932321
	at new Promise (<anonymous>)
	at r (/root/.vscode/extensions/vscjava.vscode-maven-0.44.0/dist/extension.js:2:932066)
	at t.HoverProvider.provideHover (/root/.vscode/extensions/vscjava.vscode-maven-0.44.0/dist/extension.js:2:932605)
	at hI.provideHover (file:///snap/code/181/usr/share/code/resources/app/out/vs/workbench/api/node/extensionHostProcess.js:138:129460)
	at file:///snap/code/181/usr/share/code/resources/app/out/vs/workbench/api/node/extensionHostProcess.js:138:157680
	at qt.s (file:///snap/code/181/usr/share/code/resources/app/out/vs/workbench/api/node/extensionHostProcess.js:138:155148)
	at qt.$provideHover (file:///snap/code/181/usr/share/code/resources/app/out/vs/workbench/api/node/extensionHostProcess.js:138:157668)
	at Dy.S (file:///snap/code/181/usr/share/code/resources/app/out/vs/workbench/api/node/extensionHostProcess.js:32:115275)
	at Dy.Q (file:///snap/code/181/usr/share/code/resources/app/out/vs/workbench/api/node/extensionHostProcess.js:32:115055)
	at Dy.M (file:///snap/code/181/usr/share/code/resources/app/out/vs/workbench/api/node/extensionHostProcess.js:32:114106)
	at Dy.L (file:///snap/code/181/usr/share/code/resources/app/out/vs/workbench/api/node/extensionHostProcess.js:32:113249)
	at kh.value (file:///snap/code/181/usr/share/code/resources/app/out/vs/workbench/api/node/extensionHostProcess.js:32:112046)
	at P.B (file:///snap/code/181/usr/share/code/resources/app/out/vs/workbench/api/node/extensionHostProcess.js:30:746)
	at P.fire (file:///snap/code/181/usr/share/code/resources/app/out/vs/workbench/api/node/extensionHostProcess.js:30:964)
	at Vn.fire (file:///snap/code/181/usr/share/code/resources/app/out/vs/workbench/api/node/extensionHostProcess.js:32:9457)
	at kh.value (file:///snap/code/181/usr/share/code/resources/app/out/vs/workbench/api/node/extensionHostProcess.js:175:13296)
	at P.B (file:///snap/code/181/usr/share/code/resources/app/out/vs/workbench/api/node/extensionHostProcess.js:30:746)
	at P.fire (file:///snap/code/181/usr/share/code/resources/app/out/vs/workbench/api/node/extensionHostProcess.js:30:964)
	at Vn.fire (file:///snap/code/181/usr/share/code/resources/app/out/vs/workbench/api/node/extensionHostProcess.js:32:9457)
	at MessagePortMain.<anonymous> (file:///snap/code/181/usr/share/code/resources/app/out/vs/workbench/api/node/extensionHostProcess.js:175:11588)
	at MessagePortMain.emit (node:events:518:28)
	at MessagePortMain._internalPort.emit (node:electron/js2c/utility_init:2:2949)
2025-02-05 08:50:15.737 [error] Cannot read properties of undefined (reading '$documentation'): TypeError: Cannot read properties of undefined (reading '$documentation')
	at get documentation (/root/.vscode/extensions/vscjava.vscode-maven-0.44.0/dist/extension.js:2:944029)
	at get markdownString (/root/.vscode/extensions/vscjava.vscode-maven-0.44.0/dist/extension.js:2:944415)
	at t.HoverProvider.<anonymous> (/root/.vscode/extensions/vscjava.vscode-maven-0.44.0/dist/extension.js:2:933747)
	at Generator.next (<anonymous>)
	at /root/.vscode/extensions/vscjava.vscode-maven-0.44.0/dist/extension.js:2:932321
	at new Promise (<anonymous>)
	at r (/root/.vscode/extensions/vscjava.vscode-maven-0.44.0/dist/extension.js:2:932066)
	at t.HoverProvider.provideHover (/root/.vscode/extensions/vscjava.vscode-maven-0.44.0/dist/extension.js:2:932605)
	at hI.provideHover (file:///snap/code/181/usr/share/code/resources/app/out/vs/workbench/api/node/extensionHostProcess.js:138:129460)
	at file:///snap/code/181/usr/share/code/resources/app/out/vs/workbench/api/node/extensionHostProcess.js:138:157680
	at qt.s (file:///snap/code/181/usr/share/code/resources/app/out/vs/workbench/api/node/extensionHostProcess.js:138:155148)
	at qt.$provideHover (file:///snap/code/181/usr/share/code/resources/app/out/vs/workbench/api/node/extensionHostProcess.js:138:157668)
	at Dy.S (file:///snap/code/181/usr/share/code/resources/app/out/vs/workbench/api/node/extensionHostProcess.js:32:115275)
	at Dy.Q (file:///snap/code/181/usr/share/code/resources/app/out/vs/workbench/api/node/extensionHostProcess.js:32:115055)
	at Dy.M (file:///snap/code/181/usr/share/code/resources/app/out/vs/workbench/api/node/extensionHostProcess.js:32:114106)
	at Dy.L (file:///snap/code/181/usr/share/code/resources/app/out/vs/workbench/api/node/extensionHostProcess.js:32:113249)
	at kh.value (file:///snap/code/181/usr/share/code/resources/app/out/vs/workbench/api/node/extensionHostProcess.js:32:112046)
	at P.B (file:///snap/code/181/usr/share/code/resources/app/out/vs/workbench/api/node/extensionHostProcess.js:30:746)
	at P.fire (file:///snap/code/181/usr/share/code/resources/app/out/vs/workbench/api/node/extensionHostProcess.js:30:964)
	at Vn.fire (file:///snap/code/181/usr/share/code/resources/app/out/vs/workbench/api/node/extensionHostProcess.js:32:9457)
	at kh.value (file:///snap/code/181/usr/share/code/resources/app/out/vs/workbench/api/node/extensionHostProcess.js:175:13296)
	at P.B (file:///snap/code/181/usr/share/code/resources/app/out/vs/workbench/api/node/extensionHostProcess.js:30:746)
	at P.fire (file:///snap/code/181/usr/share/code/resources/app/out/vs/workbench/api/node/extensionHostProcess.js:30:964)
	at Vn.fire (file:///snap/code/181/usr/share/code/resources/app/out/vs/workbench/api/node/extensionHostProcess.js:32:9457)
	at MessagePortMain.<anonymous> (file:///snap/code/181/usr/share/code/resources/app/out/vs/workbench/api/node/extensionHostProcess.js:175:11588)
	at MessagePortMain.emit (node:events:518:28)
	at MessagePortMain._internalPort.emit (node:electron/js2c/utility_init:2:2949)
2025-02-05 08:50:17.652 [error] Cannot read properties of undefined (reading '$documentation'): TypeError: Cannot read properties of undefined (reading '$documentation')
	at get documentation (/root/.vscode/extensions/vscjava.vscode-maven-0.44.0/dist/extension.js:2:944029)
	at get markdownString (/root/.vscode/extensions/vscjava.vscode-maven-0.44.0/dist/extension.js:2:944415)
	at t.HoverProvider.<anonymous> (/root/.vscode/extensions/vscjava.vscode-maven-0.44.0/dist/extension.js:2:933747)
	at Generator.next (<anonymous>)
	at /root/.vscode/extensions/vscjava.vscode-maven-0.44.0/dist/extension.js:2:932321
	at new Promise (<anonymous>)
	at r (/root/.vscode/extensions/vscjava.vscode-maven-0.44.0/dist/extension.js:2:932066)
	at t.HoverProvider.provideHover (/root/.vscode/extensions/vscjava.vscode-maven-0.44.0/dist/extension.js:2:932605)
	at hI.provideHover (file:///snap/code/181/usr/share/code/resources/app/out/vs/workbench/api/node/extensionHostProcess.js:138:129460)
	at file:///snap/code/181/usr/share/code/resources/app/out/vs/workbench/api/node/extensionHostProcess.js:138:157680
	at qt.s (file:///snap/code/181/usr/share/code/resources/app/out/vs/workbench/api/node/extensionHostProcess.js:138:155148)
	at qt.$provideHover (file:///snap/code/181/usr/share/code/resources/app/out/vs/workbench/api/node/extensionHostProcess.js:138:157668)
	at Dy.S (file:///snap/code/181/usr/share/code/resources/app/out/vs/workbench/api/node/extensionHostProcess.js:32:115275)
	at Dy.Q (file:///snap/code/181/usr/share/code/resources/app/out/vs/workbench/api/node/extensionHostProcess.js:32:115055)
	at Dy.M (file:///snap/code/181/usr/share/code/resources/app/out/vs/workbench/api/node/extensionHostProcess.js:32:114106)
	at Dy.L (file:///snap/code/181/usr/share/code/resources/app/out/vs/workbench/api/node/extensionHostProcess.js:32:113249)
	at kh.value (file:///snap/code/181/usr/share/code/resources/app/out/vs/workbench/api/node/extensionHostProcess.js:32:112046)
	at P.B (file:///snap/code/181/usr/share/code/resources/app/out/vs/workbench/api/node/extensionHostProcess.js:30:746)
	at P.fire (file:///snap/code/181/usr/share/code/resources/app/out/vs/workbench/api/node/extensionHostProcess.js:30:964)
	at Vn.fire (file:///snap/code/181/usr/share/code/resources/app/out/vs/workbench/api/node/extensionHostProcess.js:32:9457)
	at kh.value (file:///snap/code/181/usr/share/code/resources/app/out/vs/workbench/api/node/extensionHostProcess.js:175:13296)
	at P.B (file:///snap/code/181/usr/share/code/resources/app/out/vs/workbench/api/node/extensionHostProcess.js:30:746)
	at P.fire (file:///snap/code/181/usr/share/code/resources/app/out/vs/workbench/api/node/extensionHostProcess.js:30:964)
	at Vn.fire (file:///snap/code/181/usr/share/code/resources/app/out/vs/workbench/api/node/extensionHostProcess.js:32:9457)
	at MessagePortMain.<anonymous> (file:///snap/code/181/usr/share/code/resources/app/out/vs/workbench/api/node/extensionHostProcess.js:175:11588)
	at MessagePortMain.emit (node:events:518:28)
	at MessagePortMain._internalPort.emit (node:electron/js2c/utility_init:2:2949)
2025-02-05 08:50:20.840 [error] Cannot read properties of undefined (reading '$documentation'): TypeError: Cannot read properties of undefined (reading '$documentation')
	at get documentation (/root/.vscode/extensions/vscjava.vscode-maven-0.44.0/dist/extension.js:2:944029)
	at get markdownString (/root/.vscode/extensions/vscjava.vscode-maven-0.44.0/dist/extension.js:2:944415)
	at t.HoverProvider.<anonymous> (/root/.vscode/extensions/vscjava.vscode-maven-0.44.0/dist/extension.js:2:933747)
	at Generator.next (<anonymous>)
	at /root/.vscode/extensions/vscjava.vscode-maven-0.44.0/dist/extension.js:2:932321
	at new Promise (<anonymous>)
	at r (/root/.vscode/extensions/vscjava.vscode-maven-0.44.0/dist/extension.js:2:932066)
	at t.HoverProvider.provideHover (/root/.vscode/extensions/vscjava.vscode-maven-0.44.0/dist/extension.js:2:932605)
	at hI.provideHover (file:///snap/code/181/usr/share/code/resources/app/out/vs/workbench/api/node/extensionHostProcess.js:138:129460)
	at file:///snap/code/181/usr/share/code/resources/app/out/vs/workbench/api/node/extensionHostProcess.js:138:157680
	at qt.s (file:///snap/code/181/usr/share/code/resources/app/out/vs/workbench/api/node/extensionHostProcess.js:138:155148)
	at qt.$provideHover (file:///snap/code/181/usr/share/code/resources/app/out/vs/workbench/api/node/extensionHostProcess.js:138:157668)
	at Dy.S (file:///snap/code/181/usr/share/code/resources/app/out/vs/workbench/api/node/extensionHostProcess.js:32:115275)
	at Dy.Q (file:///snap/code/181/usr/share/code/resources/app/out/vs/workbench/api/node/extensionHostProcess.js:32:115055)
	at Dy.M (file:///snap/code/181/usr/share/code/resources/app/out/vs/workbench/api/node/extensionHostProcess.js:32:114106)
	at Dy.L (file:///snap/code/181/usr/share/code/resources/app/out/vs/workbench/api/node/extensionHostProcess.js:32:113249)
	at kh.value (file:///snap/code/181/usr/share/code/resources/app/out/vs/workbench/api/node/extensionHostProcess.js:32:112046)
	at P.B (file:///snap/code/181/usr/share/code/resources/app/out/vs/workbench/api/node/extensionHostProcess.js:30:746)
	at P.fire (file:///snap/code/181/usr/share/code/resources/app/out/vs/workbench/api/node/extensionHostProcess.js:30:964)
	at Vn.fire (file:///snap/code/181/usr/share/code/resources/app/out/vs/workbench/api/node/extensionHostProcess.js:32:9457)
	at kh.value (file:///snap/code/181/usr/share/code/resources/app/out/vs/workbench/api/node/extensionHostProcess.js:175:13296)
	at P.B (file:///snap/code/181/usr/share/code/resources/app/out/vs/workbench/api/node/extensionHostProcess.js:30:746)
	at P.fire (file:///snap/code/181/usr/share/code/resources/app/out/vs/workbench/api/node/extensionHostProcess.js:30:964)
	at Vn.fire (file:///snap/code/181/usr/share/code/resources/app/out/vs/workbench/api/node/extensionHostProcess.js:32:9457)
	at MessagePortMain.<anonymous> (file:///snap/code/181/usr/share/code/resources/app/out/vs/workbench/api/node/extensionHostProcess.js:175:11588)
	at MessagePortMain.emit (node:events:518:28)
	at MessagePortMain._internalPort.emit (node:electron/js2c/utility_init:2:2949)
2025-02-05 08:50:26.200 [error] Cannot read properties of undefined (reading '$documentation'): TypeError: Cannot read properties of undefined (reading '$documentation')
	at get documentation (/root/.vscode/extensions/vscjava.vscode-maven-0.44.0/dist/extension.js:2:944029)
	at get markdownString (/root/.vscode/extensions/vscjava.vscode-maven-0.44.0/dist/extension.js:2:944415)
	at t.HoverProvider.<anonymous> (/root/.vscode/extensions/vscjava.vscode-maven-0.44.0/dist/extension.js:2:933747)
	at Generator.next (<anonymous>)
	at /root/.vscode/extensions/vscjava.vscode-maven-0.44.0/dist/extension.js:2:932321
	at new Promise (<anonymous>)
	at r (/root/.vscode/extensions/vscjava.vscode-maven-0.44.0/dist/extension.js:2:932066)
	at t.HoverProvider.provideHover (/root/.vscode/extensions/vscjava.vscode-maven-0.44.0/dist/extension.js:2:932605)
	at hI.provideHover (file:///snap/code/181/usr/share/code/resources/app/out/vs/workbench/api/node/extensionHostProcess.js:138:129460)
	at file:///snap/code/181/usr/share/code/resources/app/out/vs/workbench/api/node/extensionHostProcess.js:138:157680
	at qt.s (file:///snap/code/181/usr/share/code/resources/app/out/vs/workbench/api/node/extensionHostProcess.js:138:155148)
	at qt.$provideHover (file:///snap/code/181/usr/share/code/resources/app/out/vs/workbench/api/node/extensionHostProcess.js:138:157668)
	at Dy.S (file:///snap/code/181/usr/share/code/resources/app/out/vs/workbench/api/node/extensionHostProcess.js:32:115275)
	at Dy.Q (file:///snap/code/181/usr/share/code/resources/app/out/vs/workbench/api/node/extensionHostProcess.js:32:115055)
	at Dy.M (file:///snap/code/181/usr/share/code/resources/app/out/vs/workbench/api/node/extensionHostProcess.js:32:114106)
	at Dy.L (file:///snap/code/181/usr/share/code/resources/app/out/vs/workbench/api/node/extensionHostProcess.js:32:113249)
	at kh.value (file:///snap/code/181/usr/share/code/resources/app/out/vs/workbench/api/node/extensionHostProcess.js:32:112046)
	at P.B (file:///snap/code/181/usr/share/code/resources/app/out/vs/workbench/api/node/extensionHostProcess.js:30:746)
	at P.fire (file:///snap/code/181/usr/share/code/resources/app/out/vs/workbench/api/node/extensionHostProcess.js:30:964)
	at Vn.fire (file:///snap/code/181/usr/share/code/resources/app/out/vs/workbench/api/node/extensionHostProcess.js:32:9457)
	at kh.value (file:///snap/code/181/usr/share/code/resources/app/out/vs/workbench/api/node/extensionHostProcess.js:175:13296)
	at P.B (file:///snap/code/181/usr/share/code/resources/app/out/vs/workbench/api/node/extensionHostProcess.js:30:746)
	at P.fire (file:///snap/code/181/usr/share/code/resources/app/out/vs/workbench/api/node/extensionHostProcess.js:30:964)
	at Vn.fire (file:///snap/code/181/usr/share/code/resources/app/out/vs/workbench/api/node/extensionHostProcess.js:32:9457)
	at MessagePortMain.<anonymous> (file:///snap/code/181/usr/share/code/resources/app/out/vs/workbench/api/node/extensionHostProcess.js:175:11588)
	at MessagePortMain.emit (node:events:518:28)
	at MessagePortMain._internalPort.emit (node:electron/js2c/utility_init:2:2949)
2025-02-05 09:27:04.640 [error] Cannot read properties of undefined (reading '$documentation'): TypeError: Cannot read properties of undefined (reading '$documentation')
	at get documentation (/root/.vscode/extensions/vscjava.vscode-maven-0.44.0/dist/extension.js:2:944029)
	at get markdownString (/root/.vscode/extensions/vscjava.vscode-maven-0.44.0/dist/extension.js:2:944415)
	at t.HoverProvider.<anonymous> (/root/.vscode/extensions/vscjava.vscode-maven-0.44.0/dist/extension.js:2:933747)
	at Generator.next (<anonymous>)
	at /root/.vscode/extensions/vscjava.vscode-maven-0.44.0/dist/extension.js:2:932321
	at new Promise (<anonymous>)
	at r (/root/.vscode/extensions/vscjava.vscode-maven-0.44.0/dist/extension.js:2:932066)
	at t.HoverProvider.provideHover (/root/.vscode/extensions/vscjava.vscode-maven-0.44.0/dist/extension.js:2:932605)
	at hI.provideHover (file:///snap/code/181/usr/share/code/resources/app/out/vs/workbench/api/node/extensionHostProcess.js:138:129460)
	at file:///snap/code/181/usr/share/code/resources/app/out/vs/workbench/api/node/extensionHostProcess.js:138:157680
	at qt.s (file:///snap/code/181/usr/share/code/resources/app/out/vs/workbench/api/node/extensionHostProcess.js:138:155148)
	at qt.$provideHover (file:///snap/code/181/usr/share/code/resources/app/out/vs/workbench/api/node/extensionHostProcess.js:138:157668)
	at Dy.S (file:///snap/code/181/usr/share/code/resources/app/out/vs/workbench/api/node/extensionHostProcess.js:32:115275)
	at Dy.Q (file:///snap/code/181/usr/share/code/resources/app/out/vs/workbench/api/node/extensionHostProcess.js:32:115055)
	at Dy.M (file:///snap/code/181/usr/share/code/resources/app/out/vs/workbench/api/node/extensionHostProcess.js:32:114106)
	at Dy.L (file:///snap/code/181/usr/share/code/resources/app/out/vs/workbench/api/node/extensionHostProcess.js:32:113249)
	at kh.value (file:///snap/code/181/usr/share/code/resources/app/out/vs/workbench/api/node/extensionHostProcess.js:32:112046)
	at P.B (file:///snap/code/181/usr/share/code/resources/app/out/vs/workbench/api/node/extensionHostProcess.js:30:746)
	at P.fire (file:///snap/code/181/usr/share/code/resources/app/out/vs/workbench/api/node/extensionHostProcess.js:30:964)
	at Vn.fire (file:///snap/code/181/usr/share/code/resources/app/out/vs/workbench/api/node/extensionHostProcess.js:32:9457)
	at kh.value (file:///snap/code/181/usr/share/code/resources/app/out/vs/workbench/api/node/extensionHostProcess.js:175:13296)
	at P.B (file:///snap/code/181/usr/share/code/resources/app/out/vs/workbench/api/node/extensionHostProcess.js:30:746)
	at P.fire (file:///snap/code/181/usr/share/code/resources/app/out/vs/workbench/api/node/extensionHostProcess.js:30:964)
	at Vn.fire (file:///snap/code/181/usr/share/code/resources/app/out/vs/workbench/api/node/extensionHostProcess.js:32:9457)
	at MessagePortMain.<anonymous> (file:///snap/code/181/usr/share/code/resources/app/out/vs/workbench/api/node/extensionHostProcess.js:175:11588)
	at MessagePortMain.emit (node:events:518:28)
	at MessagePortMain._internalPort.emit (node:electron/js2c/utility_init:2:2949)
2025-02-05 09:27:08.635 [error] Cannot convert undefined or null to object: TypeError: Cannot convert undefined or null to object
	at Function.entries (<anonymous>)
	at get candidates (/root/.vscode/extensions/vscjava.vscode-maven-0.44.0/dist/extension.js:2:944243)
	at t.SchemaProvider.<anonymous> (/root/.vscode/extensions/vscjava.vscode-maven-0.44.0/dist/extension.js:2:858609)
	at Generator.next (<anonymous>)
	at /root/.vscode/extensions/vscjava.vscode-maven-0.44.0/dist/extension.js:2:858235
	at new Promise (<anonymous>)
	at r (/root/.vscode/extensions/vscjava.vscode-maven-0.44.0/dist/extension.js:2:857980)
	at t.SchemaProvider.provide (/root/.vscode/extensions/vscjava.vscode-maven-0.44.0/dist/extension.js:2:858420)
	at t.PomCompletionProvider.<anonymous> (/root/.vscode/extensions/vscjava.vscode-maven-0.44.0/dist/extension.js:2:853066)
	at Generator.next (<anonymous>)
	at s (/root/.vscode/extensions/vscjava.vscode-maven-0.44.0/dist/extension.js:2:852246)
2025-02-05 09:27:22.289 [error] Cannot read properties of undefined (reading '$documentation'): TypeError: Cannot read properties of undefined (reading '$documentation')
	at get documentation (/root/.vscode/extensions/vscjava.vscode-maven-0.44.0/dist/extension.js:2:944029)
	at get markdownString (/root/.vscode/extensions/vscjava.vscode-maven-0.44.0/dist/extension.js:2:944415)
	at t.HoverProvider.<anonymous> (/root/.vscode/extensions/vscjava.vscode-maven-0.44.0/dist/extension.js:2:933747)
	at Generator.next (<anonymous>)
	at /root/.vscode/extensions/vscjava.vscode-maven-0.44.0/dist/extension.js:2:932321
	at new Promise (<anonymous>)
	at r (/root/.vscode/extensions/vscjava.vscode-maven-0.44.0/dist/extension.js:2:932066)
	at t.HoverProvider.provideHover (/root/.vscode/extensions/vscjava.vscode-maven-0.44.0/dist/extension.js:2:932605)
	at hI.provideHover (file:///snap/code/181/usr/share/code/resources/app/out/vs/workbench/api/node/extensionHostProcess.js:138:129460)
	at file:///snap/code/181/usr/share/code/resources/app/out/vs/workbench/api/node/extensionHostProcess.js:138:157680
	at qt.s (file:///snap/code/181/usr/share/code/resources/app/out/vs/workbench/api/node/extensionHostProcess.js:138:155148)
	at qt.$provideHover (file:///snap/code/181/usr/share/code/resources/app/out/vs/workbench/api/node/extensionHostProcess.js:138:157668)
	at Dy.S (file:///snap/code/181/usr/share/code/resources/app/out/vs/workbench/api/node/extensionHostProcess.js:32:115275)
	at Dy.Q (file:///snap/code/181/usr/share/code/resources/app/out/vs/workbench/api/node/extensionHostProcess.js:32:115055)
	at Dy.M (file:///snap/code/181/usr/share/code/resources/app/out/vs/workbench/api/node/extensionHostProcess.js:32:114106)
	at Dy.L (file:///snap/code/181/usr/share/code/resources/app/out/vs/workbench/api/node/extensionHostProcess.js:32:113249)
	at kh.value (file:///snap/code/181/usr/share/code/resources/app/out/vs/workbench/api/node/extensionHostProcess.js:32:112046)
	at P.B (file:///snap/code/181/usr/share/code/resources/app/out/vs/workbench/api/node/extensionHostProcess.js:30:746)
	at P.fire (file:///snap/code/181/usr/share/code/resources/app/out/vs/workbench/api/node/extensionHostProcess.js:30:964)
	at Vn.fire (file:///snap/code/181/usr/share/code/resources/app/out/vs/workbench/api/node/extensionHostProcess.js:32:9457)
	at kh.value (file:///snap/code/181/usr/share/code/resources/app/out/vs/workbench/api/node/extensionHostProcess.js:175:13296)
	at P.B (file:///snap/code/181/usr/share/code/resources/app/out/vs/workbench/api/node/extensionHostProcess.js:30:746)
	at P.fire (file:///snap/code/181/usr/share/code/resources/app/out/vs/workbench/api/node/extensionHostProcess.js:30:964)
	at Vn.fire (file:///snap/code/181/usr/share/code/resources/app/out/vs/workbench/api/node/extensionHostProcess.js:32:9457)
	at MessagePortMain.<anonymous> (file:///snap/code/181/usr/share/code/resources/app/out/vs/workbench/api/node/extensionHostProcess.js:175:11588)
	at MessagePortMain.emit (node:events:518:28)
	at MessagePortMain._internalPort.emit (node:electron/js2c/utility_init:2:2949)
