2025-02-05 08:30:59.264 [info] Extension host with pid 3172 started
2025-02-05 08:30:59.264 [info] Skipping acquiring lock for /root/devops/pfeTest/~/.vscode-root/User/workspaceStorage/2cbe744fbb46f6ad9b5c603b8fc6f153.
2025-02-05 08:31:00.046 [info] ExtensionService#_doActivateExtension vscode.github-authentication, startup: false, activationEvent: 'onAuthenticationRequest:github'
2025-02-05 08:31:00.783 [info] ExtensionService#_doActivateExtension vscode.git-base, startup: true, activationEvent: '*'
2025-02-05 08:31:00.795 [info] ExtensionService#_doActivateExtension redhat.java, startup: true, activationEvent: 'workspaceContains:pom.xml'
2025-02-05 08:31:02.096 [info] ExtensionService#_doActivateExtension vscode.github, startup: true, activationEvent: '*'
2025-02-05 08:31:02.706 [info] ExtensionService#_doActivateExtension vscjava.vscode-maven, startup: true, activationEvent: 'workspaceContains:**/pom.xml'
2025-02-05 08:31:04.540 [warning] [redhat.java] Accessing a resource scoped configuration without providing a resource is not expected. To get the effective value for '[java]', provide the URI of a resource or 'null' for any resource.
2025-02-05 08:31:04.701 [info] Eager extensions activated
2025-02-05 08:31:04.768 [info] ExtensionService#_doActivateExtension vscode.debug-auto-launch, startup: false, activationEvent: 'onStartupFinished'
2025-02-05 08:31:04.789 [info] ExtensionService#_doActivateExtension vscode.merge-conflict, startup: false, activationEvent: 'onStartupFinished'
2025-02-05 08:31:07.548 [info] ExtensionService#_doActivateExtension vscode.git, startup: false, activationEvent: 'api', root cause: vscode.github
2025-02-05 08:31:08.675 [info] ExtensionService#_doActivateExtension vscjava.vscode-java-dependency, startup: false, activationEvent: 'workspaceContains:pom.xml'
2025-02-05 08:31:09.238 [info] ExtensionService#_doActivateExtension vscjava.vscode-java-pack, startup: false, activationEvent: 'workspaceContains:pom.xml'
2025-02-05 08:31:09.868 [info] ExtensionService#_doActivateExtension vscjava.vscode-java-debug, startup: false, activationEvent: 'workspaceContains:pom.xml', root cause: vscjava.vscode-java-test
2025-02-05 08:31:11.504 [warning] [redhat.java] Accessing a resource scoped configuration without providing a resource is not expected. To get the effective value for '[java]', provide the URI of a resource or 'null' for any resource.
2025-02-05 08:31:11.748 [info] ExtensionService#_doActivateExtension vscjava.vscode-java-test, startup: false, activationEvent: 'workspaceContains:pom.xml'
2025-02-05 08:31:12.680 [error] Error: ENOENT: no such file or directory, open '/root/devops/pfeTest/~/.vscode-root/User/workspaceStorage/2cbe744fbb46f6ad9b5c603b8fc6f153/redhat.java/jdt_ws/.metadata/.log'
	at async open (node:internal/fs/promises:641:25)
	at async Object.readFile (node:internal/fs/promises:1258:14)
2025-02-05 08:31:22.483 [error] Error: ENOENT: no such file or directory, open '/root/devops/pfeTest/~/.vscode-root/User/workspaceStorage/2cbe744fbb46f6ad9b5c603b8fc6f153/redhat.java/jdt_ws/.metadata/.log'
	at async open (node:internal/fs/promises:641:25)
	at async Object.readFile (node:internal/fs/promises:1258:14)
2025-02-05 08:31:29.707 [info] ExtensionService#_doActivateExtension vscode.emmet, startup: false, activationEvent: 'onLanguage'
2025-02-05 08:49:56.962 [error] [vscjava.vscode-maven] provider FAILED
2025-02-05 08:49:56.979 [error] TypeError: Cannot read properties of undefined (reading '$documentation')
	at get documentation (/root/.vscode/extensions/vscjava.vscode-maven-0.44.0/dist/extension.js:2:944029)
	at get markdownString (/root/.vscode/extensions/vscjava.vscode-maven-0.44.0/dist/extension.js:2:944415)
	at t.HoverProvider.<anonymous> (/root/.vscode/extensions/vscjava.vscode-maven-0.44.0/dist/extension.js:2:933747)
	at Generator.next (<anonymous>)
	at /root/.vscode/extensions/vscjava.vscode-maven-0.44.0/dist/extension.js:2:932321
	at new Promise (<anonymous>)
	at r (/root/.vscode/extensions/vscjava.vscode-maven-0.44.0/dist/extension.js:2:932066)
	at t.HoverProvider.provideHover (/root/.vscode/extensions/vscjava.vscode-maven-0.44.0/dist/extension.js:2:932605)
	at hI.provideHover (file:///snap/code/181/usr/share/code/resources/app/out/vs/workbench/api/node/extensionHostProcess.js:138:129460)
	at file:///snap/code/181/usr/share/code/resources/app/out/vs/workbench/api/node/extensionHostProcess.js:138:157680
	at qt.s (file:///snap/code/181/usr/share/code/resources/app/out/vs/workbench/api/node/extensionHostProcess.js:138:155148)
	at qt.$provideHover (file:///snap/code/181/usr/share/code/resources/app/out/vs/workbench/api/node/extensionHostProcess.js:138:157668)
	at Dy.S (file:///snap/code/181/usr/share/code/resources/app/out/vs/workbench/api/node/extensionHostProcess.js:32:115275)
	at Dy.Q (file:///snap/code/181/usr/share/code/resources/app/out/vs/workbench/api/node/extensionHostProcess.js:32:115055)
	at Dy.M (file:///snap/code/181/usr/share/code/resources/app/out/vs/workbench/api/node/extensionHostProcess.js:32:114106)
	at Dy.L (file:///snap/code/181/usr/share/code/resources/app/out/vs/workbench/api/node/extensionHostProcess.js:32:113249)
	at kh.value (file:///snap/code/181/usr/share/code/resources/app/out/vs/workbench/api/node/extensionHostProcess.js:32:112046)
	at P.B (file:///snap/code/181/usr/share/code/resources/app/out/vs/workbench/api/node/extensionHostProcess.js:30:746)
	at P.fire (file:///snap/code/181/usr/share/code/resources/app/out/vs/workbench/api/node/extensionHostProcess.js:30:964)
	at Vn.fire (file:///snap/code/181/usr/share/code/resources/app/out/vs/workbench/api/node/extensionHostProcess.js:32:9457)
	at kh.value (file:///snap/code/181/usr/share/code/resources/app/out/vs/workbench/api/node/extensionHostProcess.js:175:13296)
	at P.B (file:///snap/code/181/usr/share/code/resources/app/out/vs/workbench/api/node/extensionHostProcess.js:30:746)
	at P.fire (file:///snap/code/181/usr/share/code/resources/app/out/vs/workbench/api/node/extensionHostProcess.js:30:964)
	at Vn.fire (file:///snap/code/181/usr/share/code/resources/app/out/vs/workbench/api/node/extensionHostProcess.js:32:9457)
	at MessagePortMain.<anonymous> (file:///snap/code/181/usr/share/code/resources/app/out/vs/workbench/api/node/extensionHostProcess.js:175:11588)
	at MessagePortMain.emit (node:events:518:28)
	at MessagePortMain._internalPort.emit (node:electron/js2c/utility_init:2:2949)
2025-02-05 08:50:03.822 [error] [vscjava.vscode-maven] provider FAILED
2025-02-05 08:50:03.822 [error] TypeError: Cannot read properties of undefined (reading '$documentation')
	at get documentation (/root/.vscode/extensions/vscjava.vscode-maven-0.44.0/dist/extension.js:2:944029)
	at get markdownString (/root/.vscode/extensions/vscjava.vscode-maven-0.44.0/dist/extension.js:2:944415)
	at t.HoverProvider.<anonymous> (/root/.vscode/extensions/vscjava.vscode-maven-0.44.0/dist/extension.js:2:933747)
	at Generator.next (<anonymous>)
	at /root/.vscode/extensions/vscjava.vscode-maven-0.44.0/dist/extension.js:2:932321
	at new Promise (<anonymous>)
	at r (/root/.vscode/extensions/vscjava.vscode-maven-0.44.0/dist/extension.js:2:932066)
	at t.HoverProvider.provideHover (/root/.vscode/extensions/vscjava.vscode-maven-0.44.0/dist/extension.js:2:932605)
	at hI.provideHover (file:///snap/code/181/usr/share/code/resources/app/out/vs/workbench/api/node/extensionHostProcess.js:138:129460)
	at file:///snap/code/181/usr/share/code/resources/app/out/vs/workbench/api/node/extensionHostProcess.js:138:157680
	at qt.s (file:///snap/code/181/usr/share/code/resources/app/out/vs/workbench/api/node/extensionHostProcess.js:138:155148)
	at qt.$provideHover (file:///snap/code/181/usr/share/code/resources/app/out/vs/workbench/api/node/extensionHostProcess.js:138:157668)
	at Dy.S (file:///snap/code/181/usr/share/code/resources/app/out/vs/workbench/api/node/extensionHostProcess.js:32:115275)
	at Dy.Q (file:///snap/code/181/usr/share/code/resources/app/out/vs/workbench/api/node/extensionHostProcess.js:32:115055)
	at Dy.M (file:///snap/code/181/usr/share/code/resources/app/out/vs/workbench/api/node/extensionHostProcess.js:32:114106)
	at Dy.L (file:///snap/code/181/usr/share/code/resources/app/out/vs/workbench/api/node/extensionHostProcess.js:32:113249)
	at kh.value (file:///snap/code/181/usr/share/code/resources/app/out/vs/workbench/api/node/extensionHostProcess.js:32:112046)
	at P.B (file:///snap/code/181/usr/share/code/resources/app/out/vs/workbench/api/node/extensionHostProcess.js:30:746)
	at P.fire (file:///snap/code/181/usr/share/code/resources/app/out/vs/workbench/api/node/extensionHostProcess.js:30:964)
	at Vn.fire (file:///snap/code/181/usr/share/code/resources/app/out/vs/workbench/api/node/extensionHostProcess.js:32:9457)
	at kh.value (file:///snap/code/181/usr/share/code/resources/app/out/vs/workbench/api/node/extensionHostProcess.js:175:13296)
	at P.B (file:///snap/code/181/usr/share/code/resources/app/out/vs/workbench/api/node/extensionHostProcess.js:30:746)
	at P.fire (file:///snap/code/181/usr/share/code/resources/app/out/vs/workbench/api/node/extensionHostProcess.js:30:964)
	at Vn.fire (file:///snap/code/181/usr/share/code/resources/app/out/vs/workbench/api/node/extensionHostProcess.js:32:9457)
	at MessagePortMain.<anonymous> (file:///snap/code/181/usr/share/code/resources/app/out/vs/workbench/api/node/extensionHostProcess.js:175:11588)
	at MessagePortMain.emit (node:events:518:28)
	at MessagePortMain._internalPort.emit (node:electron/js2c/utility_init:2:2949)
2025-02-05 08:50:04.236 [error] [vscjava.vscode-maven] provider FAILED
2025-02-05 08:50:04.237 [error] TypeError: Cannot read properties of undefined (reading '$documentation')
	at get documentation (/root/.vscode/extensions/vscjava.vscode-maven-0.44.0/dist/extension.js:2:944029)
	at get markdownString (/root/.vscode/extensions/vscjava.vscode-maven-0.44.0/dist/extension.js:2:944415)
	at t.HoverProvider.<anonymous> (/root/.vscode/extensions/vscjava.vscode-maven-0.44.0/dist/extension.js:2:933747)
	at Generator.next (<anonymous>)
	at /root/.vscode/extensions/vscjava.vscode-maven-0.44.0/dist/extension.js:2:932321
	at new Promise (<anonymous>)
	at r (/root/.vscode/extensions/vscjava.vscode-maven-0.44.0/dist/extension.js:2:932066)
	at t.HoverProvider.provideHover (/root/.vscode/extensions/vscjava.vscode-maven-0.44.0/dist/extension.js:2:932605)
	at hI.provideHover (file:///snap/code/181/usr/share/code/resources/app/out/vs/workbench/api/node/extensionHostProcess.js:138:129460)
	at file:///snap/code/181/usr/share/code/resources/app/out/vs/workbench/api/node/extensionHostProcess.js:138:157680
	at qt.s (file:///snap/code/181/usr/share/code/resources/app/out/vs/workbench/api/node/extensionHostProcess.js:138:155148)
	at qt.$provideHover (file:///snap/code/181/usr/share/code/resources/app/out/vs/workbench/api/node/extensionHostProcess.js:138:157668)
	at Dy.S (file:///snap/code/181/usr/share/code/resources/app/out/vs/workbench/api/node/extensionHostProcess.js:32:115275)
	at Dy.Q (file:///snap/code/181/usr/share/code/resources/app/out/vs/workbench/api/node/extensionHostProcess.js:32:115055)
	at Dy.M (file:///snap/code/181/usr/share/code/resources/app/out/vs/workbench/api/node/extensionHostProcess.js:32:114106)
	at Dy.L (file:///snap/code/181/usr/share/code/resources/app/out/vs/workbench/api/node/extensionHostProcess.js:32:113249)
	at kh.value (file:///snap/code/181/usr/share/code/resources/app/out/vs/workbench/api/node/extensionHostProcess.js:32:112046)
	at P.B (file:///snap/code/181/usr/share/code/resources/app/out/vs/workbench/api/node/extensionHostProcess.js:30:746)
	at P.fire (file:///snap/code/181/usr/share/code/resources/app/out/vs/workbench/api/node/extensionHostProcess.js:30:964)
	at Vn.fire (file:///snap/code/181/usr/share/code/resources/app/out/vs/workbench/api/node/extensionHostProcess.js:32:9457)
	at kh.value (file:///snap/code/181/usr/share/code/resources/app/out/vs/workbench/api/node/extensionHostProcess.js:175:13296)
	at P.B (file:///snap/code/181/usr/share/code/resources/app/out/vs/workbench/api/node/extensionHostProcess.js:30:746)
	at P.fire (file:///snap/code/181/usr/share/code/resources/app/out/vs/workbench/api/node/extensionHostProcess.js:30:964)
	at Vn.fire (file:///snap/code/181/usr/share/code/resources/app/out/vs/workbench/api/node/extensionHostProcess.js:32:9457)
	at MessagePortMain.<anonymous> (file:///snap/code/181/usr/share/code/resources/app/out/vs/workbench/api/node/extensionHostProcess.js:175:11588)
	at MessagePortMain.emit (node:events:518:28)
	at MessagePortMain._internalPort.emit (node:electron/js2c/utility_init:2:2949)
2025-02-05 08:50:09.405 [error] [vscjava.vscode-maven] provider FAILED
2025-02-05 08:50:09.406 [error] TypeError: Cannot read properties of undefined (reading '$documentation')
	at get documentation (/root/.vscode/extensions/vscjava.vscode-maven-0.44.0/dist/extension.js:2:944029)
	at get markdownString (/root/.vscode/extensions/vscjava.vscode-maven-0.44.0/dist/extension.js:2:944415)
	at t.HoverProvider.<anonymous> (/root/.vscode/extensions/vscjava.vscode-maven-0.44.0/dist/extension.js:2:933747)
	at Generator.next (<anonymous>)
	at /root/.vscode/extensions/vscjava.vscode-maven-0.44.0/dist/extension.js:2:932321
	at new Promise (<anonymous>)
	at r (/root/.vscode/extensions/vscjava.vscode-maven-0.44.0/dist/extension.js:2:932066)
	at t.HoverProvider.provideHover (/root/.vscode/extensions/vscjava.vscode-maven-0.44.0/dist/extension.js:2:932605)
	at hI.provideHover (file:///snap/code/181/usr/share/code/resources/app/out/vs/workbench/api/node/extensionHostProcess.js:138:129460)
	at file:///snap/code/181/usr/share/code/resources/app/out/vs/workbench/api/node/extensionHostProcess.js:138:157680
	at qt.s (file:///snap/code/181/usr/share/code/resources/app/out/vs/workbench/api/node/extensionHostProcess.js:138:155148)
	at qt.$provideHover (file:///snap/code/181/usr/share/code/resources/app/out/vs/workbench/api/node/extensionHostProcess.js:138:157668)
	at Dy.S (file:///snap/code/181/usr/share/code/resources/app/out/vs/workbench/api/node/extensionHostProcess.js:32:115275)
	at Dy.Q (file:///snap/code/181/usr/share/code/resources/app/out/vs/workbench/api/node/extensionHostProcess.js:32:115055)
	at Dy.M (file:///snap/code/181/usr/share/code/resources/app/out/vs/workbench/api/node/extensionHostProcess.js:32:114106)
	at Dy.L (file:///snap/code/181/usr/share/code/resources/app/out/vs/workbench/api/node/extensionHostProcess.js:32:113249)
	at kh.value (file:///snap/code/181/usr/share/code/resources/app/out/vs/workbench/api/node/extensionHostProcess.js:32:112046)
	at P.B (file:///snap/code/181/usr/share/code/resources/app/out/vs/workbench/api/node/extensionHostProcess.js:30:746)
	at P.fire (file:///snap/code/181/usr/share/code/resources/app/out/vs/workbench/api/node/extensionHostProcess.js:30:964)
	at Vn.fire (file:///snap/code/181/usr/share/code/resources/app/out/vs/workbench/api/node/extensionHostProcess.js:32:9457)
	at kh.value (file:///snap/code/181/usr/share/code/resources/app/out/vs/workbench/api/node/extensionHostProcess.js:175:13296)
	at P.B (file:///snap/code/181/usr/share/code/resources/app/out/vs/workbench/api/node/extensionHostProcess.js:30:746)
	at P.fire (file:///snap/code/181/usr/share/code/resources/app/out/vs/workbench/api/node/extensionHostProcess.js:30:964)
	at Vn.fire (file:///snap/code/181/usr/share/code/resources/app/out/vs/workbench/api/node/extensionHostProcess.js:32:9457)
	at MessagePortMain.<anonymous> (file:///snap/code/181/usr/share/code/resources/app/out/vs/workbench/api/node/extensionHostProcess.js:175:11588)
	at MessagePortMain.emit (node:events:518:28)
	at MessagePortMain._internalPort.emit (node:electron/js2c/utility_init:2:2949)
2025-02-05 08:50:14.208 [error] [vscjava.vscode-maven] provider FAILED
2025-02-05 08:50:14.209 [error] TypeError: Cannot read properties of undefined (reading '$documentation')
	at get documentation (/root/.vscode/extensions/vscjava.vscode-maven-0.44.0/dist/extension.js:2:944029)
	at get markdownString (/root/.vscode/extensions/vscjava.vscode-maven-0.44.0/dist/extension.js:2:944415)
	at t.HoverProvider.<anonymous> (/root/.vscode/extensions/vscjava.vscode-maven-0.44.0/dist/extension.js:2:933747)
	at Generator.next (<anonymous>)
	at /root/.vscode/extensions/vscjava.vscode-maven-0.44.0/dist/extension.js:2:932321
	at new Promise (<anonymous>)
	at r (/root/.vscode/extensions/vscjava.vscode-maven-0.44.0/dist/extension.js:2:932066)
	at t.HoverProvider.provideHover (/root/.vscode/extensions/vscjava.vscode-maven-0.44.0/dist/extension.js:2:932605)
	at hI.provideHover (file:///snap/code/181/usr/share/code/resources/app/out/vs/workbench/api/node/extensionHostProcess.js:138:129460)
	at file:///snap/code/181/usr/share/code/resources/app/out/vs/workbench/api/node/extensionHostProcess.js:138:157680
	at qt.s (file:///snap/code/181/usr/share/code/resources/app/out/vs/workbench/api/node/extensionHostProcess.js:138:155148)
	at qt.$provideHover (file:///snap/code/181/usr/share/code/resources/app/out/vs/workbench/api/node/extensionHostProcess.js:138:157668)
	at Dy.S (file:///snap/code/181/usr/share/code/resources/app/out/vs/workbench/api/node/extensionHostProcess.js:32:115275)
	at Dy.Q (file:///snap/code/181/usr/share/code/resources/app/out/vs/workbench/api/node/extensionHostProcess.js:32:115055)
	at Dy.M (file:///snap/code/181/usr/share/code/resources/app/out/vs/workbench/api/node/extensionHostProcess.js:32:114106)
	at Dy.L (file:///snap/code/181/usr/share/code/resources/app/out/vs/workbench/api/node/extensionHostProcess.js:32:113249)
	at kh.value (file:///snap/code/181/usr/share/code/resources/app/out/vs/workbench/api/node/extensionHostProcess.js:32:112046)
	at P.B (file:///snap/code/181/usr/share/code/resources/app/out/vs/workbench/api/node/extensionHostProcess.js:30:746)
	at P.fire (file:///snap/code/181/usr/share/code/resources/app/out/vs/workbench/api/node/extensionHostProcess.js:30:964)
	at Vn.fire (file:///snap/code/181/usr/share/code/resources/app/out/vs/workbench/api/node/extensionHostProcess.js:32:9457)
	at kh.value (file:///snap/code/181/usr/share/code/resources/app/out/vs/workbench/api/node/extensionHostProcess.js:175:13296)
	at P.B (file:///snap/code/181/usr/share/code/resources/app/out/vs/workbench/api/node/extensionHostProcess.js:30:746)
	at P.fire (file:///snap/code/181/usr/share/code/resources/app/out/vs/workbench/api/node/extensionHostProcess.js:30:964)
	at Vn.fire (file:///snap/code/181/usr/share/code/resources/app/out/vs/workbench/api/node/extensionHostProcess.js:32:9457)
	at MessagePortMain.<anonymous> (file:///snap/code/181/usr/share/code/resources/app/out/vs/workbench/api/node/extensionHostProcess.js:175:11588)
	at MessagePortMain.emit (node:events:518:28)
	at MessagePortMain._internalPort.emit (node:electron/js2c/utility_init:2:2949)
2025-02-05 08:50:15.732 [error] [vscjava.vscode-maven] provider FAILED
2025-02-05 08:50:15.733 [error] TypeError: Cannot read properties of undefined (reading '$documentation')
	at get documentation (/root/.vscode/extensions/vscjava.vscode-maven-0.44.0/dist/extension.js:2:944029)
	at get markdownString (/root/.vscode/extensions/vscjava.vscode-maven-0.44.0/dist/extension.js:2:944415)
	at t.HoverProvider.<anonymous> (/root/.vscode/extensions/vscjava.vscode-maven-0.44.0/dist/extension.js:2:933747)
	at Generator.next (<anonymous>)
	at /root/.vscode/extensions/vscjava.vscode-maven-0.44.0/dist/extension.js:2:932321
	at new Promise (<anonymous>)
	at r (/root/.vscode/extensions/vscjava.vscode-maven-0.44.0/dist/extension.js:2:932066)
	at t.HoverProvider.provideHover (/root/.vscode/extensions/vscjava.vscode-maven-0.44.0/dist/extension.js:2:932605)
	at hI.provideHover (file:///snap/code/181/usr/share/code/resources/app/out/vs/workbench/api/node/extensionHostProcess.js:138:129460)
	at file:///snap/code/181/usr/share/code/resources/app/out/vs/workbench/api/node/extensionHostProcess.js:138:157680
	at qt.s (file:///snap/code/181/usr/share/code/resources/app/out/vs/workbench/api/node/extensionHostProcess.js:138:155148)
	at qt.$provideHover (file:///snap/code/181/usr/share/code/resources/app/out/vs/workbench/api/node/extensionHostProcess.js:138:157668)
	at Dy.S (file:///snap/code/181/usr/share/code/resources/app/out/vs/workbench/api/node/extensionHostProcess.js:32:115275)
	at Dy.Q (file:///snap/code/181/usr/share/code/resources/app/out/vs/workbench/api/node/extensionHostProcess.js:32:115055)
	at Dy.M (file:///snap/code/181/usr/share/code/resources/app/out/vs/workbench/api/node/extensionHostProcess.js:32:114106)
	at Dy.L (file:///snap/code/181/usr/share/code/resources/app/out/vs/workbench/api/node/extensionHostProcess.js:32:113249)
	at kh.value (file:///snap/code/181/usr/share/code/resources/app/out/vs/workbench/api/node/extensionHostProcess.js:32:112046)
	at P.B (file:///snap/code/181/usr/share/code/resources/app/out/vs/workbench/api/node/extensionHostProcess.js:30:746)
	at P.fire (file:///snap/code/181/usr/share/code/resources/app/out/vs/workbench/api/node/extensionHostProcess.js:30:964)
	at Vn.fire (file:///snap/code/181/usr/share/code/resources/app/out/vs/workbench/api/node/extensionHostProcess.js:32:9457)
	at kh.value (file:///snap/code/181/usr/share/code/resources/app/out/vs/workbench/api/node/extensionHostProcess.js:175:13296)
	at P.B (file:///snap/code/181/usr/share/code/resources/app/out/vs/workbench/api/node/extensionHostProcess.js:30:746)
	at P.fire (file:///snap/code/181/usr/share/code/resources/app/out/vs/workbench/api/node/extensionHostProcess.js:30:964)
	at Vn.fire (file:///snap/code/181/usr/share/code/resources/app/out/vs/workbench/api/node/extensionHostProcess.js:32:9457)
	at MessagePortMain.<anonymous> (file:///snap/code/181/usr/share/code/resources/app/out/vs/workbench/api/node/extensionHostProcess.js:175:11588)
	at MessagePortMain.emit (node:events:518:28)
	at MessagePortMain._internalPort.emit (node:electron/js2c/utility_init:2:2949)
2025-02-05 08:50:17.645 [error] [vscjava.vscode-maven] provider FAILED
2025-02-05 08:50:17.647 [error] TypeError: Cannot read properties of undefined (reading '$documentation')
	at get documentation (/root/.vscode/extensions/vscjava.vscode-maven-0.44.0/dist/extension.js:2:944029)
	at get markdownString (/root/.vscode/extensions/vscjava.vscode-maven-0.44.0/dist/extension.js:2:944415)
	at t.HoverProvider.<anonymous> (/root/.vscode/extensions/vscjava.vscode-maven-0.44.0/dist/extension.js:2:933747)
	at Generator.next (<anonymous>)
	at /root/.vscode/extensions/vscjava.vscode-maven-0.44.0/dist/extension.js:2:932321
	at new Promise (<anonymous>)
	at r (/root/.vscode/extensions/vscjava.vscode-maven-0.44.0/dist/extension.js:2:932066)
	at t.HoverProvider.provideHover (/root/.vscode/extensions/vscjava.vscode-maven-0.44.0/dist/extension.js:2:932605)
	at hI.provideHover (file:///snap/code/181/usr/share/code/resources/app/out/vs/workbench/api/node/extensionHostProcess.js:138:129460)
	at file:///snap/code/181/usr/share/code/resources/app/out/vs/workbench/api/node/extensionHostProcess.js:138:157680
	at qt.s (file:///snap/code/181/usr/share/code/resources/app/out/vs/workbench/api/node/extensionHostProcess.js:138:155148)
	at qt.$provideHover (file:///snap/code/181/usr/share/code/resources/app/out/vs/workbench/api/node/extensionHostProcess.js:138:157668)
	at Dy.S (file:///snap/code/181/usr/share/code/resources/app/out/vs/workbench/api/node/extensionHostProcess.js:32:115275)
	at Dy.Q (file:///snap/code/181/usr/share/code/resources/app/out/vs/workbench/api/node/extensionHostProcess.js:32:115055)
	at Dy.M (file:///snap/code/181/usr/share/code/resources/app/out/vs/workbench/api/node/extensionHostProcess.js:32:114106)
	at Dy.L (file:///snap/code/181/usr/share/code/resources/app/out/vs/workbench/api/node/extensionHostProcess.js:32:113249)
	at kh.value (file:///snap/code/181/usr/share/code/resources/app/out/vs/workbench/api/node/extensionHostProcess.js:32:112046)
	at P.B (file:///snap/code/181/usr/share/code/resources/app/out/vs/workbench/api/node/extensionHostProcess.js:30:746)
	at P.fire (file:///snap/code/181/usr/share/code/resources/app/out/vs/workbench/api/node/extensionHostProcess.js:30:964)
	at Vn.fire (file:///snap/code/181/usr/share/code/resources/app/out/vs/workbench/api/node/extensionHostProcess.js:32:9457)
	at kh.value (file:///snap/code/181/usr/share/code/resources/app/out/vs/workbench/api/node/extensionHostProcess.js:175:13296)
	at P.B (file:///snap/code/181/usr/share/code/resources/app/out/vs/workbench/api/node/extensionHostProcess.js:30:746)
	at P.fire (file:///snap/code/181/usr/share/code/resources/app/out/vs/workbench/api/node/extensionHostProcess.js:30:964)
	at Vn.fire (file:///snap/code/181/usr/share/code/resources/app/out/vs/workbench/api/node/extensionHostProcess.js:32:9457)
	at MessagePortMain.<anonymous> (file:///snap/code/181/usr/share/code/resources/app/out/vs/workbench/api/node/extensionHostProcess.js:175:11588)
	at MessagePortMain.emit (node:events:518:28)
	at MessagePortMain._internalPort.emit (node:electron/js2c/utility_init:2:2949)
2025-02-05 08:50:20.837 [error] [vscjava.vscode-maven] provider FAILED
2025-02-05 08:50:20.837 [error] TypeError: Cannot read properties of undefined (reading '$documentation')
	at get documentation (/root/.vscode/extensions/vscjava.vscode-maven-0.44.0/dist/extension.js:2:944029)
	at get markdownString (/root/.vscode/extensions/vscjava.vscode-maven-0.44.0/dist/extension.js:2:944415)
	at t.HoverProvider.<anonymous> (/root/.vscode/extensions/vscjava.vscode-maven-0.44.0/dist/extension.js:2:933747)
	at Generator.next (<anonymous>)
	at /root/.vscode/extensions/vscjava.vscode-maven-0.44.0/dist/extension.js:2:932321
	at new Promise (<anonymous>)
	at r (/root/.vscode/extensions/vscjava.vscode-maven-0.44.0/dist/extension.js:2:932066)
	at t.HoverProvider.provideHover (/root/.vscode/extensions/vscjava.vscode-maven-0.44.0/dist/extension.js:2:932605)
	at hI.provideHover (file:///snap/code/181/usr/share/code/resources/app/out/vs/workbench/api/node/extensionHostProcess.js:138:129460)
	at file:///snap/code/181/usr/share/code/resources/app/out/vs/workbench/api/node/extensionHostProcess.js:138:157680
	at qt.s (file:///snap/code/181/usr/share/code/resources/app/out/vs/workbench/api/node/extensionHostProcess.js:138:155148)
	at qt.$provideHover (file:///snap/code/181/usr/share/code/resources/app/out/vs/workbench/api/node/extensionHostProcess.js:138:157668)
	at Dy.S (file:///snap/code/181/usr/share/code/resources/app/out/vs/workbench/api/node/extensionHostProcess.js:32:115275)
	at Dy.Q (file:///snap/code/181/usr/share/code/resources/app/out/vs/workbench/api/node/extensionHostProcess.js:32:115055)
	at Dy.M (file:///snap/code/181/usr/share/code/resources/app/out/vs/workbench/api/node/extensionHostProcess.js:32:114106)
	at Dy.L (file:///snap/code/181/usr/share/code/resources/app/out/vs/workbench/api/node/extensionHostProcess.js:32:113249)
	at kh.value (file:///snap/code/181/usr/share/code/resources/app/out/vs/workbench/api/node/extensionHostProcess.js:32:112046)
	at P.B (file:///snap/code/181/usr/share/code/resources/app/out/vs/workbench/api/node/extensionHostProcess.js:30:746)
	at P.fire (file:///snap/code/181/usr/share/code/resources/app/out/vs/workbench/api/node/extensionHostProcess.js:30:964)
	at Vn.fire (file:///snap/code/181/usr/share/code/resources/app/out/vs/workbench/api/node/extensionHostProcess.js:32:9457)
	at kh.value (file:///snap/code/181/usr/share/code/resources/app/out/vs/workbench/api/node/extensionHostProcess.js:175:13296)
	at P.B (file:///snap/code/181/usr/share/code/resources/app/out/vs/workbench/api/node/extensionHostProcess.js:30:746)
	at P.fire (file:///snap/code/181/usr/share/code/resources/app/out/vs/workbench/api/node/extensionHostProcess.js:30:964)
	at Vn.fire (file:///snap/code/181/usr/share/code/resources/app/out/vs/workbench/api/node/extensionHostProcess.js:32:9457)
	at MessagePortMain.<anonymous> (file:///snap/code/181/usr/share/code/resources/app/out/vs/workbench/api/node/extensionHostProcess.js:175:11588)
	at MessagePortMain.emit (node:events:518:28)
	at MessagePortMain._internalPort.emit (node:electron/js2c/utility_init:2:2949)
2025-02-05 08:50:26.194 [error] [vscjava.vscode-maven] provider FAILED
2025-02-05 08:50:26.195 [error] TypeError: Cannot read properties of undefined (reading '$documentation')
	at get documentation (/root/.vscode/extensions/vscjava.vscode-maven-0.44.0/dist/extension.js:2:944029)
	at get markdownString (/root/.vscode/extensions/vscjava.vscode-maven-0.44.0/dist/extension.js:2:944415)
	at t.HoverProvider.<anonymous> (/root/.vscode/extensions/vscjava.vscode-maven-0.44.0/dist/extension.js:2:933747)
	at Generator.next (<anonymous>)
	at /root/.vscode/extensions/vscjava.vscode-maven-0.44.0/dist/extension.js:2:932321
	at new Promise (<anonymous>)
	at r (/root/.vscode/extensions/vscjava.vscode-maven-0.44.0/dist/extension.js:2:932066)
	at t.HoverProvider.provideHover (/root/.vscode/extensions/vscjava.vscode-maven-0.44.0/dist/extension.js:2:932605)
	at hI.provideHover (file:///snap/code/181/usr/share/code/resources/app/out/vs/workbench/api/node/extensionHostProcess.js:138:129460)
	at file:///snap/code/181/usr/share/code/resources/app/out/vs/workbench/api/node/extensionHostProcess.js:138:157680
	at qt.s (file:///snap/code/181/usr/share/code/resources/app/out/vs/workbench/api/node/extensionHostProcess.js:138:155148)
	at qt.$provideHover (file:///snap/code/181/usr/share/code/resources/app/out/vs/workbench/api/node/extensionHostProcess.js:138:157668)
	at Dy.S (file:///snap/code/181/usr/share/code/resources/app/out/vs/workbench/api/node/extensionHostProcess.js:32:115275)
	at Dy.Q (file:///snap/code/181/usr/share/code/resources/app/out/vs/workbench/api/node/extensionHostProcess.js:32:115055)
	at Dy.M (file:///snap/code/181/usr/share/code/resources/app/out/vs/workbench/api/node/extensionHostProcess.js:32:114106)
	at Dy.L (file:///snap/code/181/usr/share/code/resources/app/out/vs/workbench/api/node/extensionHostProcess.js:32:113249)
	at kh.value (file:///snap/code/181/usr/share/code/resources/app/out/vs/workbench/api/node/extensionHostProcess.js:32:112046)
	at P.B (file:///snap/code/181/usr/share/code/resources/app/out/vs/workbench/api/node/extensionHostProcess.js:30:746)
	at P.fire (file:///snap/code/181/usr/share/code/resources/app/out/vs/workbench/api/node/extensionHostProcess.js:30:964)
	at Vn.fire (file:///snap/code/181/usr/share/code/resources/app/out/vs/workbench/api/node/extensionHostProcess.js:32:9457)
	at kh.value (file:///snap/code/181/usr/share/code/resources/app/out/vs/workbench/api/node/extensionHostProcess.js:175:13296)
	at P.B (file:///snap/code/181/usr/share/code/resources/app/out/vs/workbench/api/node/extensionHostProcess.js:30:746)
	at P.fire (file:///snap/code/181/usr/share/code/resources/app/out/vs/workbench/api/node/extensionHostProcess.js:30:964)
	at Vn.fire (file:///snap/code/181/usr/share/code/resources/app/out/vs/workbench/api/node/extensionHostProcess.js:32:9457)
	at MessagePortMain.<anonymous> (file:///snap/code/181/usr/share/code/resources/app/out/vs/workbench/api/node/extensionHostProcess.js:175:11588)
	at MessagePortMain.emit (node:events:518:28)
	at MessagePortMain._internalPort.emit (node:electron/js2c/utility_init:2:2949)
2025-02-05 09:27:04.538 [error] [vscjava.vscode-maven] provider FAILED
2025-02-05 09:27:04.596 [error] TypeError: Cannot read properties of undefined (reading '$documentation')
	at get documentation (/root/.vscode/extensions/vscjava.vscode-maven-0.44.0/dist/extension.js:2:944029)
	at get markdownString (/root/.vscode/extensions/vscjava.vscode-maven-0.44.0/dist/extension.js:2:944415)
	at t.HoverProvider.<anonymous> (/root/.vscode/extensions/vscjava.vscode-maven-0.44.0/dist/extension.js:2:933747)
	at Generator.next (<anonymous>)
	at /root/.vscode/extensions/vscjava.vscode-maven-0.44.0/dist/extension.js:2:932321
	at new Promise (<anonymous>)
	at r (/root/.vscode/extensions/vscjava.vscode-maven-0.44.0/dist/extension.js:2:932066)
	at t.HoverProvider.provideHover (/root/.vscode/extensions/vscjava.vscode-maven-0.44.0/dist/extension.js:2:932605)
	at hI.provideHover (file:///snap/code/181/usr/share/code/resources/app/out/vs/workbench/api/node/extensionHostProcess.js:138:129460)
	at file:///snap/code/181/usr/share/code/resources/app/out/vs/workbench/api/node/extensionHostProcess.js:138:157680
	at qt.s (file:///snap/code/181/usr/share/code/resources/app/out/vs/workbench/api/node/extensionHostProcess.js:138:155148)
	at qt.$provideHover (file:///snap/code/181/usr/share/code/resources/app/out/vs/workbench/api/node/extensionHostProcess.js:138:157668)
	at Dy.S (file:///snap/code/181/usr/share/code/resources/app/out/vs/workbench/api/node/extensionHostProcess.js:32:115275)
	at Dy.Q (file:///snap/code/181/usr/share/code/resources/app/out/vs/workbench/api/node/extensionHostProcess.js:32:115055)
	at Dy.M (file:///snap/code/181/usr/share/code/resources/app/out/vs/workbench/api/node/extensionHostProcess.js:32:114106)
	at Dy.L (file:///snap/code/181/usr/share/code/resources/app/out/vs/workbench/api/node/extensionHostProcess.js:32:113249)
	at kh.value (file:///snap/code/181/usr/share/code/resources/app/out/vs/workbench/api/node/extensionHostProcess.js:32:112046)
	at P.B (file:///snap/code/181/usr/share/code/resources/app/out/vs/workbench/api/node/extensionHostProcess.js:30:746)
	at P.fire (file:///snap/code/181/usr/share/code/resources/app/out/vs/workbench/api/node/extensionHostProcess.js:30:964)
	at Vn.fire (file:///snap/code/181/usr/share/code/resources/app/out/vs/workbench/api/node/extensionHostProcess.js:32:9457)
	at kh.value (file:///snap/code/181/usr/share/code/resources/app/out/vs/workbench/api/node/extensionHostProcess.js:175:13296)
	at P.B (file:///snap/code/181/usr/share/code/resources/app/out/vs/workbench/api/node/extensionHostProcess.js:30:746)
	at P.fire (file:///snap/code/181/usr/share/code/resources/app/out/vs/workbench/api/node/extensionHostProcess.js:30:964)
	at Vn.fire (file:///snap/code/181/usr/share/code/resources/app/out/vs/workbench/api/node/extensionHostProcess.js:32:9457)
	at MessagePortMain.<anonymous> (file:///snap/code/181/usr/share/code/resources/app/out/vs/workbench/api/node/extensionHostProcess.js:175:11588)
	at MessagePortMain.emit (node:events:518:28)
	at MessagePortMain._internalPort.emit (node:electron/js2c/utility_init:2:2949)
2025-02-05 09:27:05.059 [error] [vscjava.vscode-maven] provider FAILED
2025-02-05 09:27:05.060 [error] TypeError: Cannot read properties of undefined (reading '$documentation')
	at get documentation (/root/.vscode/extensions/vscjava.vscode-maven-0.44.0/dist/extension.js:2:944029)
	at get markdownString (/root/.vscode/extensions/vscjava.vscode-maven-0.44.0/dist/extension.js:2:944415)
	at t.HoverProvider.<anonymous> (/root/.vscode/extensions/vscjava.vscode-maven-0.44.0/dist/extension.js:2:933747)
	at Generator.next (<anonymous>)
	at /root/.vscode/extensions/vscjava.vscode-maven-0.44.0/dist/extension.js:2:932321
	at new Promise (<anonymous>)
	at r (/root/.vscode/extensions/vscjava.vscode-maven-0.44.0/dist/extension.js:2:932066)
	at t.HoverProvider.provideHover (/root/.vscode/extensions/vscjava.vscode-maven-0.44.0/dist/extension.js:2:932605)
	at hI.provideHover (file:///snap/code/181/usr/share/code/resources/app/out/vs/workbench/api/node/extensionHostProcess.js:138:129460)
	at file:///snap/code/181/usr/share/code/resources/app/out/vs/workbench/api/node/extensionHostProcess.js:138:157680
	at qt.s (file:///snap/code/181/usr/share/code/resources/app/out/vs/workbench/api/node/extensionHostProcess.js:138:155148)
	at qt.$provideHover (file:///snap/code/181/usr/share/code/resources/app/out/vs/workbench/api/node/extensionHostProcess.js:138:157668)
	at Dy.S (file:///snap/code/181/usr/share/code/resources/app/out/vs/workbench/api/node/extensionHostProcess.js:32:115275)
	at Dy.Q (file:///snap/code/181/usr/share/code/resources/app/out/vs/workbench/api/node/extensionHostProcess.js:32:115055)
	at Dy.M (file:///snap/code/181/usr/share/code/resources/app/out/vs/workbench/api/node/extensionHostProcess.js:32:114106)
	at Dy.L (file:///snap/code/181/usr/share/code/resources/app/out/vs/workbench/api/node/extensionHostProcess.js:32:113249)
	at kh.value (file:///snap/code/181/usr/share/code/resources/app/out/vs/workbench/api/node/extensionHostProcess.js:32:112046)
	at P.B (file:///snap/code/181/usr/share/code/resources/app/out/vs/workbench/api/node/extensionHostProcess.js:30:746)
	at P.fire (file:///snap/code/181/usr/share/code/resources/app/out/vs/workbench/api/node/extensionHostProcess.js:30:964)
	at Vn.fire (file:///snap/code/181/usr/share/code/resources/app/out/vs/workbench/api/node/extensionHostProcess.js:32:9457)
	at kh.value (file:///snap/code/181/usr/share/code/resources/app/out/vs/workbench/api/node/extensionHostProcess.js:175:13296)
	at P.B (file:///snap/code/181/usr/share/code/resources/app/out/vs/workbench/api/node/extensionHostProcess.js:30:746)
	at P.fire (file:///snap/code/181/usr/share/code/resources/app/out/vs/workbench/api/node/extensionHostProcess.js:30:964)
	at Vn.fire (file:///snap/code/181/usr/share/code/resources/app/out/vs/workbench/api/node/extensionHostProcess.js:32:9457)
	at MessagePortMain.<anonymous> (file:///snap/code/181/usr/share/code/resources/app/out/vs/workbench/api/node/extensionHostProcess.js:175:11588)
	at MessagePortMain.emit (node:events:518:28)
	at MessagePortMain._internalPort.emit (node:electron/js2c/utility_init:2:2949)
2025-02-05 09:27:08.619 [error] [vscjava.vscode-maven] provider FAILED
2025-02-05 09:27:08.621 [error] TypeError: Cannot convert undefined or null to object
	at Function.entries (<anonymous>)
	at get candidates (/root/.vscode/extensions/vscjava.vscode-maven-0.44.0/dist/extension.js:2:944243)
	at t.SchemaProvider.<anonymous> (/root/.vscode/extensions/vscjava.vscode-maven-0.44.0/dist/extension.js:2:858609)
	at Generator.next (<anonymous>)
	at /root/.vscode/extensions/vscjava.vscode-maven-0.44.0/dist/extension.js:2:858235
	at new Promise (<anonymous>)
	at r (/root/.vscode/extensions/vscjava.vscode-maven-0.44.0/dist/extension.js:2:857980)
	at t.SchemaProvider.provide (/root/.vscode/extensions/vscjava.vscode-maven-0.44.0/dist/extension.js:2:858420)
	at t.PomCompletionProvider.<anonymous> (/root/.vscode/extensions/vscjava.vscode-maven-0.44.0/dist/extension.js:2:853066)
	at Generator.next (<anonymous>)
	at s (/root/.vscode/extensions/vscjava.vscode-maven-0.44.0/dist/extension.js:2:852246)
2025-02-05 09:27:09.297 [error] [vscjava.vscode-maven] provider FAILED
2025-02-05 09:27:09.298 [error] TypeError: Cannot convert undefined or null to object
	at Function.entries (<anonymous>)
	at get candidates (/root/.vscode/extensions/vscjava.vscode-maven-0.44.0/dist/extension.js:2:944243)
	at t.SchemaProvider.<anonymous> (/root/.vscode/extensions/vscjava.vscode-maven-0.44.0/dist/extension.js:2:858609)
	at Generator.next (<anonymous>)
	at /root/.vscode/extensions/vscjava.vscode-maven-0.44.0/dist/extension.js:2:858235
	at new Promise (<anonymous>)
	at r (/root/.vscode/extensions/vscjava.vscode-maven-0.44.0/dist/extension.js:2:857980)
	at t.SchemaProvider.provide (/root/.vscode/extensions/vscjava.vscode-maven-0.44.0/dist/extension.js:2:858420)
	at t.PomCompletionProvider.<anonymous> (/root/.vscode/extensions/vscjava.vscode-maven-0.44.0/dist/extension.js:2:853066)
	at Generator.next (<anonymous>)
	at s (/root/.vscode/extensions/vscjava.vscode-maven-0.44.0/dist/extension.js:2:852246)
2025-02-05 09:27:22.279 [error] [vscjava.vscode-maven] provider FAILED
2025-02-05 09:27:22.284 [error] TypeError: Cannot read properties of undefined (reading '$documentation')
	at get documentation (/root/.vscode/extensions/vscjava.vscode-maven-0.44.0/dist/extension.js:2:944029)
	at get markdownString (/root/.vscode/extensions/vscjava.vscode-maven-0.44.0/dist/extension.js:2:944415)
	at t.HoverProvider.<anonymous> (/root/.vscode/extensions/vscjava.vscode-maven-0.44.0/dist/extension.js:2:933747)
	at Generator.next (<anonymous>)
	at /root/.vscode/extensions/vscjava.vscode-maven-0.44.0/dist/extension.js:2:932321
	at new Promise (<anonymous>)
	at r (/root/.vscode/extensions/vscjava.vscode-maven-0.44.0/dist/extension.js:2:932066)
	at t.HoverProvider.provideHover (/root/.vscode/extensions/vscjava.vscode-maven-0.44.0/dist/extension.js:2:932605)
	at hI.provideHover (file:///snap/code/181/usr/share/code/resources/app/out/vs/workbench/api/node/extensionHostProcess.js:138:129460)
	at file:///snap/code/181/usr/share/code/resources/app/out/vs/workbench/api/node/extensionHostProcess.js:138:157680
	at qt.s (file:///snap/code/181/usr/share/code/resources/app/out/vs/workbench/api/node/extensionHostProcess.js:138:155148)
	at qt.$provideHover (file:///snap/code/181/usr/share/code/resources/app/out/vs/workbench/api/node/extensionHostProcess.js:138:157668)
	at Dy.S (file:///snap/code/181/usr/share/code/resources/app/out/vs/workbench/api/node/extensionHostProcess.js:32:115275)
	at Dy.Q (file:///snap/code/181/usr/share/code/resources/app/out/vs/workbench/api/node/extensionHostProcess.js:32:115055)
	at Dy.M (file:///snap/code/181/usr/share/code/resources/app/out/vs/workbench/api/node/extensionHostProcess.js:32:114106)
	at Dy.L (file:///snap/code/181/usr/share/code/resources/app/out/vs/workbench/api/node/extensionHostProcess.js:32:113249)
	at kh.value (file:///snap/code/181/usr/share/code/resources/app/out/vs/workbench/api/node/extensionHostProcess.js:32:112046)
	at P.B (file:///snap/code/181/usr/share/code/resources/app/out/vs/workbench/api/node/extensionHostProcess.js:30:746)
	at P.fire (file:///snap/code/181/usr/share/code/resources/app/out/vs/workbench/api/node/extensionHostProcess.js:30:964)
	at Vn.fire (file:///snap/code/181/usr/share/code/resources/app/out/vs/workbench/api/node/extensionHostProcess.js:32:9457)
	at kh.value (file:///snap/code/181/usr/share/code/resources/app/out/vs/workbench/api/node/extensionHostProcess.js:175:13296)
	at P.B (file:///snap/code/181/usr/share/code/resources/app/out/vs/workbench/api/node/extensionHostProcess.js:30:746)
	at P.fire (file:///snap/code/181/usr/share/code/resources/app/out/vs/workbench/api/node/extensionHostProcess.js:30:964)
	at Vn.fire (file:///snap/code/181/usr/share/code/resources/app/out/vs/workbench/api/node/extensionHostProcess.js:32:9457)
	at MessagePortMain.<anonymous> (file:///snap/code/181/usr/share/code/resources/app/out/vs/workbench/api/node/extensionHostProcess.js:175:11588)
	at MessagePortMain.emit (node:events:518:28)
	at MessagePortMain._internalPort.emit (node:electron/js2c/utility_init:2:2949)
2025-02-05 09:30:46.824 [error] [vscjava.vscode-maven] provider FAILED
2025-02-05 09:30:46.825 [error] TypeError: Cannot read properties of undefined (reading '$documentation')
	at get documentation (/root/.vscode/extensions/vscjava.vscode-maven-0.44.0/dist/extension.js:2:944029)
	at get markdownString (/root/.vscode/extensions/vscjava.vscode-maven-0.44.0/dist/extension.js:2:944415)
	at t.HoverProvider.<anonymous> (/root/.vscode/extensions/vscjava.vscode-maven-0.44.0/dist/extension.js:2:933747)
	at Generator.next (<anonymous>)
	at /root/.vscode/extensions/vscjava.vscode-maven-0.44.0/dist/extension.js:2:932321
	at new Promise (<anonymous>)
	at r (/root/.vscode/extensions/vscjava.vscode-maven-0.44.0/dist/extension.js:2:932066)
	at t.HoverProvider.provideHover (/root/.vscode/extensions/vscjava.vscode-maven-0.44.0/dist/extension.js:2:932605)
	at hI.provideHover (file:///snap/code/181/usr/share/code/resources/app/out/vs/workbench/api/node/extensionHostProcess.js:138:129460)
	at file:///snap/code/181/usr/share/code/resources/app/out/vs/workbench/api/node/extensionHostProcess.js:138:157680
	at qt.s (file:///snap/code/181/usr/share/code/resources/app/out/vs/workbench/api/node/extensionHostProcess.js:138:155148)
	at qt.$provideHover (file:///snap/code/181/usr/share/code/resources/app/out/vs/workbench/api/node/extensionHostProcess.js:138:157668)
	at Dy.S (file:///snap/code/181/usr/share/code/resources/app/out/vs/workbench/api/node/extensionHostProcess.js:32:115275)
	at Dy.Q (file:///snap/code/181/usr/share/code/resources/app/out/vs/workbench/api/node/extensionHostProcess.js:32:115055)
	at Dy.M (file:///snap/code/181/usr/share/code/resources/app/out/vs/workbench/api/node/extensionHostProcess.js:32:114106)
	at Dy.L (file:///snap/code/181/usr/share/code/resources/app/out/vs/workbench/api/node/extensionHostProcess.js:32:113249)
	at kh.value (file:///snap/code/181/usr/share/code/resources/app/out/vs/workbench/api/node/extensionHostProcess.js:32:112046)
	at P.B (file:///snap/code/181/usr/share/code/resources/app/out/vs/workbench/api/node/extensionHostProcess.js:30:746)
	at P.fire (file:///snap/code/181/usr/share/code/resources/app/out/vs/workbench/api/node/extensionHostProcess.js:30:964)
	at Vn.fire (file:///snap/code/181/usr/share/code/resources/app/out/vs/workbench/api/node/extensionHostProcess.js:32:9457)
	at kh.value (file:///snap/code/181/usr/share/code/resources/app/out/vs/workbench/api/node/extensionHostProcess.js:175:13296)
	at P.B (file:///snap/code/181/usr/share/code/resources/app/out/vs/workbench/api/node/extensionHostProcess.js:30:746)
	at P.fire (file:///snap/code/181/usr/share/code/resources/app/out/vs/workbench/api/node/extensionHostProcess.js:30:964)
	at Vn.fire (file:///snap/code/181/usr/share/code/resources/app/out/vs/workbench/api/node/extensionHostProcess.js:32:9457)
	at MessagePortMain.<anonymous> (file:///snap/code/181/usr/share/code/resources/app/out/vs/workbench/api/node/extensionHostProcess.js:175:11588)
	at MessagePortMain.emit (node:events:518:28)
	at MessagePortMain._internalPort.emit (node:electron/js2c/utility_init:2:2949)
2025-02-05 09:30:50.059 [error] [vscjava.vscode-maven] provider FAILED
2025-02-05 09:30:50.060 [error] TypeError: Cannot read properties of undefined (reading '$documentation')
	at get documentation (/root/.vscode/extensions/vscjava.vscode-maven-0.44.0/dist/extension.js:2:944029)
	at get markdownString (/root/.vscode/extensions/vscjava.vscode-maven-0.44.0/dist/extension.js:2:944415)
	at t.HoverProvider.<anonymous> (/root/.vscode/extensions/vscjava.vscode-maven-0.44.0/dist/extension.js:2:933747)
	at Generator.next (<anonymous>)
	at /root/.vscode/extensions/vscjava.vscode-maven-0.44.0/dist/extension.js:2:932321
	at new Promise (<anonymous>)
	at r (/root/.vscode/extensions/vscjava.vscode-maven-0.44.0/dist/extension.js:2:932066)
	at t.HoverProvider.provideHover (/root/.vscode/extensions/vscjava.vscode-maven-0.44.0/dist/extension.js:2:932605)
	at hI.provideHover (file:///snap/code/181/usr/share/code/resources/app/out/vs/workbench/api/node/extensionHostProcess.js:138:129460)
	at file:///snap/code/181/usr/share/code/resources/app/out/vs/workbench/api/node/extensionHostProcess.js:138:157680
	at qt.s (file:///snap/code/181/usr/share/code/resources/app/out/vs/workbench/api/node/extensionHostProcess.js:138:155148)
	at qt.$provideHover (file:///snap/code/181/usr/share/code/resources/app/out/vs/workbench/api/node/extensionHostProcess.js:138:157668)
	at Dy.S (file:///snap/code/181/usr/share/code/resources/app/out/vs/workbench/api/node/extensionHostProcess.js:32:115275)
	at Dy.Q (file:///snap/code/181/usr/share/code/resources/app/out/vs/workbench/api/node/extensionHostProcess.js:32:115055)
	at Dy.M (file:///snap/code/181/usr/share/code/resources/app/out/vs/workbench/api/node/extensionHostProcess.js:32:114106)
	at Dy.L (file:///snap/code/181/usr/share/code/resources/app/out/vs/workbench/api/node/extensionHostProcess.js:32:113249)
	at kh.value (file:///snap/code/181/usr/share/code/resources/app/out/vs/workbench/api/node/extensionHostProcess.js:32:112046)
	at P.B (file:///snap/code/181/usr/share/code/resources/app/out/vs/workbench/api/node/extensionHostProcess.js:30:746)
	at P.fire (file:///snap/code/181/usr/share/code/resources/app/out/vs/workbench/api/node/extensionHostProcess.js:30:964)
	at Vn.fire (file:///snap/code/181/usr/share/code/resources/app/out/vs/workbench/api/node/extensionHostProcess.js:32:9457)
	at kh.value (file:///snap/code/181/usr/share/code/resources/app/out/vs/workbench/api/node/extensionHostProcess.js:175:13296)
	at P.B (file:///snap/code/181/usr/share/code/resources/app/out/vs/workbench/api/node/extensionHostProcess.js:30:746)
	at P.fire (file:///snap/code/181/usr/share/code/resources/app/out/vs/workbench/api/node/extensionHostProcess.js:30:964)
	at Vn.fire (file:///snap/code/181/usr/share/code/resources/app/out/vs/workbench/api/node/extensionHostProcess.js:32:9457)
	at MessagePortMain.<anonymous> (file:///snap/code/181/usr/share/code/resources/app/out/vs/workbench/api/node/extensionHostProcess.js:175:11588)
	at MessagePortMain.emit (node:events:518:28)
	at MessagePortMain._internalPort.emit (node:electron/js2c/utility_init:2:2949)
2025-02-05 10:37:06.824 [error] [vscjava.vscode-maven] provider FAILED
2025-02-05 10:37:06.824 [error] TypeError: Cannot read properties of undefined (reading '$documentation')
	at get documentation (/root/.vscode/extensions/vscjava.vscode-maven-0.44.0/dist/extension.js:2:944029)
	at get markdownString (/root/.vscode/extensions/vscjava.vscode-maven-0.44.0/dist/extension.js:2:944415)
	at t.HoverProvider.<anonymous> (/root/.vscode/extensions/vscjava.vscode-maven-0.44.0/dist/extension.js:2:933747)
	at Generator.next (<anonymous>)
	at /root/.vscode/extensions/vscjava.vscode-maven-0.44.0/dist/extension.js:2:932321
	at new Promise (<anonymous>)
	at r (/root/.vscode/extensions/vscjava.vscode-maven-0.44.0/dist/extension.js:2:932066)
	at t.HoverProvider.provideHover (/root/.vscode/extensions/vscjava.vscode-maven-0.44.0/dist/extension.js:2:932605)
	at hI.provideHover (file:///snap/code/181/usr/share/code/resources/app/out/vs/workbench/api/node/extensionHostProcess.js:138:129460)
	at file:///snap/code/181/usr/share/code/resources/app/out/vs/workbench/api/node/extensionHostProcess.js:138:157680
	at qt.s (file:///snap/code/181/usr/share/code/resources/app/out/vs/workbench/api/node/extensionHostProcess.js:138:155148)
	at qt.$provideHover (file:///snap/code/181/usr/share/code/resources/app/out/vs/workbench/api/node/extensionHostProcess.js:138:157668)
	at Dy.S (file:///snap/code/181/usr/share/code/resources/app/out/vs/workbench/api/node/extensionHostProcess.js:32:115275)
	at Dy.Q (file:///snap/code/181/usr/share/code/resources/app/out/vs/workbench/api/node/extensionHostProcess.js:32:115055)
	at Dy.M (file:///snap/code/181/usr/share/code/resources/app/out/vs/workbench/api/node/extensionHostProcess.js:32:114106)
	at Dy.L (file:///snap/code/181/usr/share/code/resources/app/out/vs/workbench/api/node/extensionHostProcess.js:32:113249)
	at kh.value (file:///snap/code/181/usr/share/code/resources/app/out/vs/workbench/api/node/extensionHostProcess.js:32:112046)
	at P.B (file:///snap/code/181/usr/share/code/resources/app/out/vs/workbench/api/node/extensionHostProcess.js:30:746)
	at P.fire (file:///snap/code/181/usr/share/code/resources/app/out/vs/workbench/api/node/extensionHostProcess.js:30:964)
	at Vn.fire (file:///snap/code/181/usr/share/code/resources/app/out/vs/workbench/api/node/extensionHostProcess.js:32:9457)
	at kh.value (file:///snap/code/181/usr/share/code/resources/app/out/vs/workbench/api/node/extensionHostProcess.js:175:13296)
	at P.B (file:///snap/code/181/usr/share/code/resources/app/out/vs/workbench/api/node/extensionHostProcess.js:30:746)
	at P.fire (file:///snap/code/181/usr/share/code/resources/app/out/vs/workbench/api/node/extensionHostProcess.js:30:964)
	at Vn.fire (file:///snap/code/181/usr/share/code/resources/app/out/vs/workbench/api/node/extensionHostProcess.js:32:9457)
	at MessagePortMain.<anonymous> (file:///snap/code/181/usr/share/code/resources/app/out/vs/workbench/api/node/extensionHostProcess.js:175:11588)
	at MessagePortMain.emit (node:events:518:28)
	at MessagePortMain._internalPort.emit (node:electron/js2c/utility_init:2:2949)
2025-02-05 10:37:07.504 [error] [vscjava.vscode-maven] provider FAILED
2025-02-05 10:37:07.505 [error] TypeError: Cannot read properties of undefined (reading '$documentation')
	at get documentation (/root/.vscode/extensions/vscjava.vscode-maven-0.44.0/dist/extension.js:2:944029)
	at get markdownString (/root/.vscode/extensions/vscjava.vscode-maven-0.44.0/dist/extension.js:2:944415)
	at t.HoverProvider.<anonymous> (/root/.vscode/extensions/vscjava.vscode-maven-0.44.0/dist/extension.js:2:933747)
	at Generator.next (<anonymous>)
	at /root/.vscode/extensions/vscjava.vscode-maven-0.44.0/dist/extension.js:2:932321
	at new Promise (<anonymous>)
	at r (/root/.vscode/extensions/vscjava.vscode-maven-0.44.0/dist/extension.js:2:932066)
	at t.HoverProvider.provideHover (/root/.vscode/extensions/vscjava.vscode-maven-0.44.0/dist/extension.js:2:932605)
	at hI.provideHover (file:///snap/code/181/usr/share/code/resources/app/out/vs/workbench/api/node/extensionHostProcess.js:138:129460)
	at file:///snap/code/181/usr/share/code/resources/app/out/vs/workbench/api/node/extensionHostProcess.js:138:157680
	at qt.s (file:///snap/code/181/usr/share/code/resources/app/out/vs/workbench/api/node/extensionHostProcess.js:138:155148)
	at qt.$provideHover (file:///snap/code/181/usr/share/code/resources/app/out/vs/workbench/api/node/extensionHostProcess.js:138:157668)
	at Dy.S (file:///snap/code/181/usr/share/code/resources/app/out/vs/workbench/api/node/extensionHostProcess.js:32:115275)
	at Dy.Q (file:///snap/code/181/usr/share/code/resources/app/out/vs/workbench/api/node/extensionHostProcess.js:32:115055)
	at Dy.M (file:///snap/code/181/usr/share/code/resources/app/out/vs/workbench/api/node/extensionHostProcess.js:32:114106)
	at Dy.L (file:///snap/code/181/usr/share/code/resources/app/out/vs/workbench/api/node/extensionHostProcess.js:32:113249)
	at kh.value (file:///snap/code/181/usr/share/code/resources/app/out/vs/workbench/api/node/extensionHostProcess.js:32:112046)
	at P.B (file:///snap/code/181/usr/share/code/resources/app/out/vs/workbench/api/node/extensionHostProcess.js:30:746)
	at P.fire (file:///snap/code/181/usr/share/code/resources/app/out/vs/workbench/api/node/extensionHostProcess.js:30:964)
	at Vn.fire (file:///snap/code/181/usr/share/code/resources/app/out/vs/workbench/api/node/extensionHostProcess.js:32:9457)
	at kh.value (file:///snap/code/181/usr/share/code/resources/app/out/vs/workbench/api/node/extensionHostProcess.js:175:13296)
	at P.B (file:///snap/code/181/usr/share/code/resources/app/out/vs/workbench/api/node/extensionHostProcess.js:30:746)
	at P.fire (file:///snap/code/181/usr/share/code/resources/app/out/vs/workbench/api/node/extensionHostProcess.js:30:964)
	at Vn.fire (file:///snap/code/181/usr/share/code/resources/app/out/vs/workbench/api/node/extensionHostProcess.js:32:9457)
	at MessagePortMain.<anonymous> (file:///snap/code/181/usr/share/code/resources/app/out/vs/workbench/api/node/extensionHostProcess.js:175:11588)
	at MessagePortMain.emit (node:events:518:28)
	at MessagePortMain._internalPort.emit (node:electron/js2c/utility_init:2:2949)
2025-02-05 10:37:09.721 [error] [vscjava.vscode-maven] provider FAILED
2025-02-05 10:37:09.722 [error] TypeError: Cannot convert undefined or null to object
	at Function.entries (<anonymous>)
	at get candidates (/root/.vscode/extensions/vscjava.vscode-maven-0.44.0/dist/extension.js:2:944243)
	at t.SchemaProvider.<anonymous> (/root/.vscode/extensions/vscjava.vscode-maven-0.44.0/dist/extension.js:2:858609)
	at Generator.next (<anonymous>)
	at /root/.vscode/extensions/vscjava.vscode-maven-0.44.0/dist/extension.js:2:858235
	at new Promise (<anonymous>)
	at r (/root/.vscode/extensions/vscjava.vscode-maven-0.44.0/dist/extension.js:2:857980)
	at t.SchemaProvider.provide (/root/.vscode/extensions/vscjava.vscode-maven-0.44.0/dist/extension.js:2:858420)
	at t.PomCompletionProvider.<anonymous> (/root/.vscode/extensions/vscjava.vscode-maven-0.44.0/dist/extension.js:2:853066)
	at Generator.next (<anonymous>)
	at s (/root/.vscode/extensions/vscjava.vscode-maven-0.44.0/dist/extension.js:2:852246)
2025-02-05 10:37:10.420 [error] [vscjava.vscode-maven] provider FAILED
2025-02-05 10:37:10.420 [error] TypeError: Cannot convert undefined or null to object
	at Function.entries (<anonymous>)
	at get candidates (/root/.vscode/extensions/vscjava.vscode-maven-0.44.0/dist/extension.js:2:944243)
	at t.SchemaProvider.<anonymous> (/root/.vscode/extensions/vscjava.vscode-maven-0.44.0/dist/extension.js:2:858609)
	at Generator.next (<anonymous>)
	at /root/.vscode/extensions/vscjava.vscode-maven-0.44.0/dist/extension.js:2:858235
	at new Promise (<anonymous>)
	at r (/root/.vscode/extensions/vscjava.vscode-maven-0.44.0/dist/extension.js:2:857980)
	at t.SchemaProvider.provide (/root/.vscode/extensions/vscjava.vscode-maven-0.44.0/dist/extension.js:2:858420)
	at t.PomCompletionProvider.<anonymous> (/root/.vscode/extensions/vscjava.vscode-maven-0.44.0/dist/extension.js:2:853066)
	at Generator.next (<anonymous>)
	at s (/root/.vscode/extensions/vscjava.vscode-maven-0.44.0/dist/extension.js:2:852246)
2025-02-05 10:41:05.033 [error] [vscjava.vscode-maven] provider FAILED
2025-02-05 10:41:05.033 [error] TypeError: Cannot read properties of undefined (reading '$documentation')
	at get documentation (/root/.vscode/extensions/vscjava.vscode-maven-0.44.0/dist/extension.js:2:944029)
	at get markdownString (/root/.vscode/extensions/vscjava.vscode-maven-0.44.0/dist/extension.js:2:944415)
	at t.HoverProvider.<anonymous> (/root/.vscode/extensions/vscjava.vscode-maven-0.44.0/dist/extension.js:2:933747)
	at Generator.next (<anonymous>)
	at /root/.vscode/extensions/vscjava.vscode-maven-0.44.0/dist/extension.js:2:932321
	at new Promise (<anonymous>)
	at r (/root/.vscode/extensions/vscjava.vscode-maven-0.44.0/dist/extension.js:2:932066)
	at t.HoverProvider.provideHover (/root/.vscode/extensions/vscjava.vscode-maven-0.44.0/dist/extension.js:2:932605)
	at hI.provideHover (file:///snap/code/181/usr/share/code/resources/app/out/vs/workbench/api/node/extensionHostProcess.js:138:129460)
	at file:///snap/code/181/usr/share/code/resources/app/out/vs/workbench/api/node/extensionHostProcess.js:138:157680
	at qt.s (file:///snap/code/181/usr/share/code/resources/app/out/vs/workbench/api/node/extensionHostProcess.js:138:155148)
	at qt.$provideHover (file:///snap/code/181/usr/share/code/resources/app/out/vs/workbench/api/node/extensionHostProcess.js:138:157668)
	at Dy.S (file:///snap/code/181/usr/share/code/resources/app/out/vs/workbench/api/node/extensionHostProcess.js:32:115275)
	at Dy.Q (file:///snap/code/181/usr/share/code/resources/app/out/vs/workbench/api/node/extensionHostProcess.js:32:115055)
	at Dy.M (file:///snap/code/181/usr/share/code/resources/app/out/vs/workbench/api/node/extensionHostProcess.js:32:114106)
	at Dy.L (file:///snap/code/181/usr/share/code/resources/app/out/vs/workbench/api/node/extensionHostProcess.js:32:113249)
	at kh.value (file:///snap/code/181/usr/share/code/resources/app/out/vs/workbench/api/node/extensionHostProcess.js:32:112046)
	at P.B (file:///snap/code/181/usr/share/code/resources/app/out/vs/workbench/api/node/extensionHostProcess.js:30:746)
	at P.fire (file:///snap/code/181/usr/share/code/resources/app/out/vs/workbench/api/node/extensionHostProcess.js:30:964)
	at Vn.fire (file:///snap/code/181/usr/share/code/resources/app/out/vs/workbench/api/node/extensionHostProcess.js:32:9457)
	at kh.value (file:///snap/code/181/usr/share/code/resources/app/out/vs/workbench/api/node/extensionHostProcess.js:175:13296)
	at P.B (file:///snap/code/181/usr/share/code/resources/app/out/vs/workbench/api/node/extensionHostProcess.js:30:746)
	at P.fire (file:///snap/code/181/usr/share/code/resources/app/out/vs/workbench/api/node/extensionHostProcess.js:30:964)
	at Vn.fire (file:///snap/code/181/usr/share/code/resources/app/out/vs/workbench/api/node/extensionHostProcess.js:32:9457)
	at MessagePortMain.<anonymous> (file:///snap/code/181/usr/share/code/resources/app/out/vs/workbench/api/node/extensionHostProcess.js:175:11588)
	at MessagePortMain.emit (node:events:518:28)
	at MessagePortMain._internalPort.emit (node:electron/js2c/utility_init:2:2949)
2025-02-05 10:42:59.893 [error] [vscjava.vscode-maven] provider FAILED
2025-02-05 10:42:59.894 [error] TypeError: Cannot read properties of undefined (reading '$documentation')
	at get documentation (/root/.vscode/extensions/vscjava.vscode-maven-0.44.0/dist/extension.js:2:944029)
	at get markdownString (/root/.vscode/extensions/vscjava.vscode-maven-0.44.0/dist/extension.js:2:944415)
	at t.HoverProvider.<anonymous> (/root/.vscode/extensions/vscjava.vscode-maven-0.44.0/dist/extension.js:2:933747)
	at Generator.next (<anonymous>)
	at /root/.vscode/extensions/vscjava.vscode-maven-0.44.0/dist/extension.js:2:932321
	at new Promise (<anonymous>)
	at r (/root/.vscode/extensions/vscjava.vscode-maven-0.44.0/dist/extension.js:2:932066)
	at t.HoverProvider.provideHover (/root/.vscode/extensions/vscjava.vscode-maven-0.44.0/dist/extension.js:2:932605)
	at hI.provideHover (file:///snap/code/181/usr/share/code/resources/app/out/vs/workbench/api/node/extensionHostProcess.js:138:129460)
	at file:///snap/code/181/usr/share/code/resources/app/out/vs/workbench/api/node/extensionHostProcess.js:138:157680
	at qt.s (file:///snap/code/181/usr/share/code/resources/app/out/vs/workbench/api/node/extensionHostProcess.js:138:155148)
	at qt.$provideHover (file:///snap/code/181/usr/share/code/resources/app/out/vs/workbench/api/node/extensionHostProcess.js:138:157668)
	at Dy.S (file:///snap/code/181/usr/share/code/resources/app/out/vs/workbench/api/node/extensionHostProcess.js:32:115275)
	at Dy.Q (file:///snap/code/181/usr/share/code/resources/app/out/vs/workbench/api/node/extensionHostProcess.js:32:115055)
	at Dy.M (file:///snap/code/181/usr/share/code/resources/app/out/vs/workbench/api/node/extensionHostProcess.js:32:114106)
	at Dy.L (file:///snap/code/181/usr/share/code/resources/app/out/vs/workbench/api/node/extensionHostProcess.js:32:113249)
	at kh.value (file:///snap/code/181/usr/share/code/resources/app/out/vs/workbench/api/node/extensionHostProcess.js:32:112046)
	at P.B (file:///snap/code/181/usr/share/code/resources/app/out/vs/workbench/api/node/extensionHostProcess.js:30:746)
	at P.fire (file:///snap/code/181/usr/share/code/resources/app/out/vs/workbench/api/node/extensionHostProcess.js:30:964)
	at Vn.fire (file:///snap/code/181/usr/share/code/resources/app/out/vs/workbench/api/node/extensionHostProcess.js:32:9457)
	at kh.value (file:///snap/code/181/usr/share/code/resources/app/out/vs/workbench/api/node/extensionHostProcess.js:175:13296)
	at P.B (file:///snap/code/181/usr/share/code/resources/app/out/vs/workbench/api/node/extensionHostProcess.js:30:746)
	at P.fire (file:///snap/code/181/usr/share/code/resources/app/out/vs/workbench/api/node/extensionHostProcess.js:30:964)
	at Vn.fire (file:///snap/code/181/usr/share/code/resources/app/out/vs/workbench/api/node/extensionHostProcess.js:32:9457)
	at MessagePortMain.<anonymous> (file:///snap/code/181/usr/share/code/resources/app/out/vs/workbench/api/node/extensionHostProcess.js:175:11588)
	at MessagePortMain.emit (node:events:518:28)
	at MessagePortMain._internalPort.emit (node:electron/js2c/utility_init:2:2949)
2025-02-05 11:24:16.680 [error] [vscjava.vscode-maven] provider FAILED
2025-02-05 11:24:16.681 [error] TypeError: Cannot read properties of undefined (reading '$documentation')
	at get documentation (/root/.vscode/extensions/vscjava.vscode-maven-0.44.0/dist/extension.js:2:944029)
	at get markdownString (/root/.vscode/extensions/vscjava.vscode-maven-0.44.0/dist/extension.js:2:944415)
	at t.HoverProvider.<anonymous> (/root/.vscode/extensions/vscjava.vscode-maven-0.44.0/dist/extension.js:2:933747)
	at Generator.next (<anonymous>)
	at /root/.vscode/extensions/vscjava.vscode-maven-0.44.0/dist/extension.js:2:932321
	at new Promise (<anonymous>)
	at r (/root/.vscode/extensions/vscjava.vscode-maven-0.44.0/dist/extension.js:2:932066)
	at t.HoverProvider.provideHover (/root/.vscode/extensions/vscjava.vscode-maven-0.44.0/dist/extension.js:2:932605)
	at hI.provideHover (file:///snap/code/181/usr/share/code/resources/app/out/vs/workbench/api/node/extensionHostProcess.js:138:129460)
	at file:///snap/code/181/usr/share/code/resources/app/out/vs/workbench/api/node/extensionHostProcess.js:138:157680
	at qt.s (file:///snap/code/181/usr/share/code/resources/app/out/vs/workbench/api/node/extensionHostProcess.js:138:155148)
	at qt.$provideHover (file:///snap/code/181/usr/share/code/resources/app/out/vs/workbench/api/node/extensionHostProcess.js:138:157668)
	at Dy.S (file:///snap/code/181/usr/share/code/resources/app/out/vs/workbench/api/node/extensionHostProcess.js:32:115275)
	at Dy.Q (file:///snap/code/181/usr/share/code/resources/app/out/vs/workbench/api/node/extensionHostProcess.js:32:115055)
	at Dy.M (file:///snap/code/181/usr/share/code/resources/app/out/vs/workbench/api/node/extensionHostProcess.js:32:114106)
	at Dy.L (file:///snap/code/181/usr/share/code/resources/app/out/vs/workbench/api/node/extensionHostProcess.js:32:113249)
	at kh.value (file:///snap/code/181/usr/share/code/resources/app/out/vs/workbench/api/node/extensionHostProcess.js:32:112046)
	at P.B (file:///snap/code/181/usr/share/code/resources/app/out/vs/workbench/api/node/extensionHostProcess.js:30:746)
	at P.fire (file:///snap/code/181/usr/share/code/resources/app/out/vs/workbench/api/node/extensionHostProcess.js:30:964)
	at Vn.fire (file:///snap/code/181/usr/share/code/resources/app/out/vs/workbench/api/node/extensionHostProcess.js:32:9457)
	at kh.value (file:///snap/code/181/usr/share/code/resources/app/out/vs/workbench/api/node/extensionHostProcess.js:175:13296)
	at P.B (file:///snap/code/181/usr/share/code/resources/app/out/vs/workbench/api/node/extensionHostProcess.js:30:746)
	at P.fire (file:///snap/code/181/usr/share/code/resources/app/out/vs/workbench/api/node/extensionHostProcess.js:30:964)
	at Vn.fire (file:///snap/code/181/usr/share/code/resources/app/out/vs/workbench/api/node/extensionHostProcess.js:32:9457)
	at MessagePortMain.<anonymous> (file:///snap/code/181/usr/share/code/resources/app/out/vs/workbench/api/node/extensionHostProcess.js:175:11588)
	at MessagePortMain.emit (node:events:518:28)
	at MessagePortMain._internalPort.emit (node:electron/js2c/utility_init:2:2949)
